#
# There is insufficient memory for the Java Runtime Environment to continue.
# Native memory allocation (mmap) failed to map 62914560 bytes for Failed to commit area from 0x00000000c4c00000 to 0x00000000c8800000 of length 62914560.
# Possible reasons:
#   The system is out of physical RAM or swap space
#   The process is running with CompressedOops enabled, and the Java Heap may be blocking the growth of the native heap
# Possible solutions:
#   Reduce memory load on the system
#   Increase physical memory or swap space
#   Check if swap backing store is full
#   Decrease Java heap size (-Xmx/-Xms)
#   Decrease number of Java threads
#   Decrease Java thread stack sizes (-Xss)
#   Set larger code cache with -XX:ReservedCodeCacheSize=
# This output file may be truncated or incomplete.
#
#  Out of Memory Error (./open/src/hotspot/os/windows/os_windows.cpp:3287), pid=18628, tid=22708
#
# JRE version:  (11.0.15.1+2) (build )
# Java VM: Java HotSpot(TM) 64-Bit Server VM (11.0.15.1+2-LTS-10, mixed mode, sharing, tiered, compressed oops, g1 gc, windows-amd64)
# No core dump will be written. Minidumps are not enabled by default on client versions of Windows
#

---------------  S U M M A R Y ------------

Command Line: -Xverify:none -XX:TieredStopAtLevel=1 -Dfile.encoding=windows-1252 -Duser.country=AR -Duser.language=es -Duser.variant com.mindhub.homebanking.HomebankingApplication

Host: Intel(R) Core(TM) i5-1035G4 CPU @ 1.10GHz, 8 cores, 3G,  Windows 10 , 64 bit Build 19041 (10.0.19041.1889)
Time: Tue Oct 25 17:08:26 2022 Hora estándar Sudamérica este elapsed time: 0.369374 seconds (0d 0h 0m 0s)

---------------  T H R E A D  ---------------

Current thread (0x0000020583aba000):  JavaThread "Unknown thread" [_thread_in_vm, id=22708, stack(0x000000ae11b00000,0x000000ae11c00000)]

Stack: [0x000000ae11b00000,0x000000ae11c00000]
Native frames: (J=compiled Java code, j=interpreted, Vv=VM code, C=native code)
V  [jvm.dll+0x629d8a]
V  [jvm.dll+0x7638ff]
V  [jvm.dll+0x764fa9]
V  [jvm.dll+0x765633]
V  [jvm.dll+0x23d9c8]
V  [jvm.dll+0x6270aa]
V  [jvm.dll+0x61be35]
V  [jvm.dll+0x2f27dc]
V  [jvm.dll+0x2f2662]
V  [jvm.dll+0x2f7386]
V  [jvm.dll+0x339d8f]
V  [jvm.dll+0x3397c0]
V  [jvm.dll+0x2cfdf8]
V  [jvm.dll+0x2d0f66]
V  [jvm.dll+0x73df07]
V  [jvm.dll+0x73f79f]
V  [jvm.dll+0x346ab9]
V  [jvm.dll+0x723810]
V  [jvm.dll+0x3b56cf]
V  [jvm.dll+0x3b77e1]
C  [jli.dll+0x5207]
C  [ucrtbase.dll+0x21bb2]
C  [KERNEL32.DLL+0x17034]
C  [ntdll.dll+0x526a1]


---------------  P R O C E S S  ---------------

Threads class SMR info:
_java_thread_list=0x00000205818353b0, length=0, elements={
}

Java Threads: ( => current thread )

Other Threads:
  0x0000020583ad0000 GCTaskThread "GC Thread#0" [stack: 0x000000ae11c00000,0x000000ae11d00000] [id=23144]
  0x0000020583aeb000 ConcurrentGCThread "G1 Main Marker" [stack: 0x000000ae11d00000,0x000000ae11e00000] [id=23792]
  0x0000020583aed800 ConcurrentGCThread "G1 Conc#0" [stack: 0x000000ae11e00000,0x000000ae11f00000] [id=24384]

[error occurred during error reporting (printing all threads), id 0xc0000005, EXCEPTION_ACCESS_VIOLATION (0xc0000005) at pc=0x00007ffe17c8f087]

VM state:not at safepoint (not fully initialized)

VM Mutex/Monitor currently owned by a thread:  ([mutex/lock_event])
[0x0000020583ab94a0] Heap_lock - owner thread: 0x0000020583aba000

Heap address: 0x00000000c4c00000, size: 948 MB, Compressed Oops mode: Non-zero based: 0x00000000c4c00000
Narrow klass base: 0x0000000000000000, Narrow klass shift: 0

GC Heap History (0 events):
No events

Deoptimization events (0 events):
No events

Classes redefined (0 events):
No events

Internal exceptions (0 events):
No events

Events (0 events):
No events


Dynamic libraries:
0x00007ff6def10000 - 0x00007ff6def1f000 	C:\Program Files\Java\jdk-11.0.15.1\bin\java.exe
0x00007ffe83db0000 - 0x00007ffe83fa8000 	C:\WINDOWS\SYSTEM32\ntdll.dll
0x00007ffe50cd0000 - 0x00007ffe50ce7000 	C:\Program Files\AVAST Software\Avast\aswhook.dll
0x00007ffe826b0000 - 0x00007ffe8276d000 	C:\WINDOWS\System32\KERNEL32.DLL
0x00007ffe814c0000 - 0x00007ffe81792000 	C:\WINDOWS\System32\KERNELBASE.dll
0x00007ffe81bd0000 - 0x00007ffe81cd0000 	C:\WINDOWS\System32\ucrtbase.dll
0x00007ffe630f0000 - 0x00007ffe63105000 	C:\Program Files\Java\jdk-11.0.15.1\bin\VCRUNTIME140.dll
0x00007ffe63110000 - 0x00007ffe63128000 	C:\Program Files\Java\jdk-11.0.15.1\bin\jli.dll
0x00007ffe82510000 - 0x00007ffe825be000 	C:\WINDOWS\System32\ADVAPI32.dll
0x00007ffe839f0000 - 0x00007ffe83a8e000 	C:\WINDOWS\System32\msvcrt.dll
0x00007ffe82b30000 - 0x00007ffe82bcc000 	C:\WINDOWS\System32\sechost.dll
0x00007ffe83820000 - 0x00007ffe83945000 	C:\WINDOWS\System32\RPCRT4.dll
0x00007ffe82770000 - 0x00007ffe8290d000 	C:\WINDOWS\System32\USER32.dll
0x00007ffe81cd0000 - 0x00007ffe81cf2000 	C:\WINDOWS\System32\win32u.dll
0x00007ffe82c40000 - 0x00007ffe82c6b000 	C:\WINDOWS\System32\GDI32.dll
0x00007ffe81d00000 - 0x00007ffe81e0f000 	C:\WINDOWS\System32\gdi32full.dll
0x00007ffe817a0000 - 0x00007ffe8183d000 	C:\WINDOWS\System32\msvcp_win.dll
0x00007ffe5d590000 - 0x00007ffe5d82a000 	C:\WINDOWS\WinSxS\amd64_microsoft.windows.common-controls_6595b64144ccf1df_6.0.19041.1110_none_60b5254171f9507e\COMCTL32.dll
0x00007ffe7a1e0000 - 0x00007ffe7a1ea000 	C:\WINDOWS\SYSTEM32\VERSION.dll
0x00007ffe83950000 - 0x00007ffe83980000 	C:\WINDOWS\System32\IMM32.DLL
0x00007ffe63050000 - 0x00007ffe630eb000 	C:\Program Files\Java\jdk-11.0.15.1\bin\msvcp140.dll
0x00007ffe179b0000 - 0x00007ffe184c6000 	C:\Program Files\Java\jdk-11.0.15.1\bin\server\jvm.dll
0x00007ffe5e1a0000 - 0x00007ffe5e1c7000 	C:\WINDOWS\SYSTEM32\WINMM.dll
0x00007ffe82c30000 - 0x00007ffe82c38000 	C:\WINDOWS\System32\PSAPI.DLL
0x00007ffe68ff0000 - 0x00007ffe68ff9000 	C:\WINDOWS\SYSTEM32\WSOCK32.dll
0x00007ffe83980000 - 0x00007ffe839eb000 	C:\WINDOWS\System32\ws2_32.DLL
0x00007ffe7fd60000 - 0x00007ffe7fd72000 	C:\WINDOWS\SYSTEM32\kernel.appcore.dll
0x00007ffe7ab70000 - 0x00007ffe7ab80000 	C:\Program Files\Java\jdk-11.0.15.1\bin\verify.dll
0x00007ffe7f350000 - 0x00007ffe7f534000 	C:\WINDOWS\SYSTEM32\DBGHELP.DLL
0x00007ffe6bbb0000 - 0x00007ffe6bbdc000 	C:\WINDOWS\SYSTEM32\dbgcore.DLL
0x00007ffe81a80000 - 0x00007ffe81b02000 	C:\WINDOWS\System32\bcryptPrimitives.dll
0x00007ffe63020000 - 0x00007ffe63048000 	C:\Program Files\Java\jdk-11.0.15.1\bin\java.dll
0x00007ffe79270000 - 0x00007ffe7927a000 	C:\Program Files\Java\jdk-11.0.15.1\bin\jimage.dll
0x00007ffe63000000 - 0x00007ffe63016000 	C:\Program Files\Java\jdk-11.0.15.1\bin\zip.dll

dbghelp: loaded successfully - version: 4.0.5 - missing functions: none
symbol engine: initialized successfully - sym options: 0x614 - pdb path: .;C:\Program Files\Java\jdk-11.0.15.1\bin;C:\WINDOWS\SYSTEM32;C:\Program Files\AVAST Software\Avast;C:\WINDOWS\WinSxS\amd64_microsoft.windows.common-controls_6595b64144ccf1df_6.0.19041.1110_none_60b5254171f9507e;C:\Program Files\Java\jdk-11.0.15.1\bin\server

VM Arguments:
jvm_args: -Xverify:none -XX:TieredStopAtLevel=1 -Dfile.encoding=windows-1252 -Duser.country=AR -Duser.language=es -Duser.variant 
java_command: com.mindhub.homebanking.HomebankingApplication
java_class_path (initial): C:\Users\cmfab\Desktop\homebanking TASK6-CamilaFabiani\src\main\resources;C:\Users\cmfab\Desktop\homebanking TASK6-CamilaFabiani\build\classes\java\main;C:\Users\cmfab\.gradle\caches\modules-2\files-2.1\com.h2database\h2\2.1.214\d5c2005c9e3279201e12d4776c948578b16bf8b2\h2-2.1.214.jar;C:\Users\cmfab\.gradle\caches\modules-2\files-2.1\jakarta.transaction\jakarta.transaction-api\1.3.3\c4179d48720a1e87202115fbed6089bdc4195405\jakarta.transaction-api-1.3.3.jar;C:\Users\cmfab\.gradle\caches\modules-2\files-2.1\jakarta.persistence\jakarta.persistence-api\2.2.3\8f6ea5daedc614f07a3654a455660145286f024e\jakarta.persistence-api-2.2.3.jar;C:\Users\cmfab\.gradle\caches\modules-2\files-2.1\org.hibernate\hibernate-core\5.6.11.Final\bc2aa514b13cfeee4ce8ed1f770c321ab63c2b82\hibernate-core-5.6.11.Final.jar;C:\Users\cmfab\.gradle\caches\modules-2\files-2.1\org.springframework.data\spring-data-jpa\2.7.3\e6f61621f80030ba56195cf6664aa8c1d902e082\spring-data-jpa-2.7.3.jar;C:\Users\cmfab\.gradle\caches\modules-2\files-2.1\org.springframework\spring-aspects\5.3.23\35a0f5df4241f794fd79dd2447195ac055e88b8e\spring-aspects-5.3.23.jar;C:\Users\cmfab\.gradle\caches\modules-2\files-2.1\org.springframework.data\spring-data-rest-webmvc\3.7.3\78efe97e9b602edaa7ac58f883d3b041c58bd265\spring-data-rest-webmvc-3.7.3.jar;C:\Users\cmfab\.gradle\caches\modules-2\files-2.1\org.springframework\spring-webmvc\5.3.23\b163527c275b0374371890c0b76c2a2a09f9804b\spring-webmvc-5.3.23.jar;C:\Users\cmfab\.gradle\caches\modules-2\files-2.1\org.springframework.security\spring-security-web\5.7.3\293cba5503450553600e3204a98241160ec95c1d\spring-security-web-5.7.3.jar;C:\Users\cmfab\.gradle\caches\modules-2\files-2.1\org.springframework.data\spring-data-rest-core\3.7.3\98cebcd6195a3a6e2220d303db3b0dedd4b49e11\spring-data-rest-core-3.7.3.jar;C:\Users\cmfab\.gradle\caches\modules-2\files-2.1\org.springframework.hateoas\spring-hateoas\1.5.2\7267165e433ab9369a763f6072ebe784add053fb\spring-hateoas-1.5.
Launcher Type: SUN_STANDARD

[Global flags]
     bool BytecodeVerificationLocal                = false                                     {product} {command line}
     bool BytecodeVerificationRemote               = false                                     {product} {command line}
     intx CICompilerCount                          = 4                                         {product} {ergonomic}
     uint ConcGCThreads                            = 2                                         {product} {ergonomic}
     uint G1ConcRefinementThreads                  = 8                                         {product} {ergonomic}
   size_t G1HeapRegionSize                         = 1048576                                   {product} {ergonomic}
    uintx GCDrainStackTargetSize                   = 64                                        {product} {ergonomic}
   size_t InitialHeapSize                          = 62914560                                  {product} {ergonomic}
   size_t MarkStackSize                            = 4194304                                   {product} {ergonomic}
   size_t MaxHeapSize                              = 994050048                                 {product} {ergonomic}
   size_t MinHeapDeltaBytes                        = 1048576                                   {product} {ergonomic}
    uintx NonNMethodCodeHeapSize                   = 7549744                                {pd product} {ergonomic}
    uintx NonProfiledCodeHeapSize                  = 244108496                              {pd product} {ergonomic}
    uintx ProfiledCodeHeapSize                     = 0                                      {pd product} {ergonomic}
    uintx ReservedCodeCacheSize                    = 251658240                              {pd product} {ergonomic}
     bool SegmentedCodeCache                       = true                                      {product} {ergonomic}
     intx TieredStopAtLevel                        = 1                                         {product} {command line}
     bool UseCompressedClassPointers               = true                                 {lp64_product} {ergonomic}
     bool UseCompressedOops                        = true                                 {lp64_product} {ergonomic}
     bool UseG1GC                                  = true                                      {product} {ergonomic}
     bool UseLargePagesIndividualAllocation        = false                                  {pd product} {ergonomic}

Logging:
Log output configuration:
 #0: stdout all=warning uptime,level,tags
 #1: stderr all=off uptime,level,tags

Environment Variables:
JAVA_HOME=C:\Program Files\Java\jdk-11.0.15.1
PATH=C:\Program Files\Common Files\Oracle\Java\javapath;C:\WINDOWS\system32;C:\WINDOWS;C:\WINDOWS\System32\Wbem;C:\WINDOWS\System32\WindowsPowerShell\v1.0\;C:\WINDOWS\System32\OpenSSH\;C:\Program Files (x86)\Brackets\command;C:\Users\cmfab\AppData\Local\Microsoft\WindowsApps;C:\Users\cmfab\AppData\Local\Programs\Microsoft VS Code\bin;C:\Program Files\Java\jdk-11.0.15.1\bin;C:\gradle-6.8\bin;
USERNAME=cmfab
OS=Windows_NT
PROCESSOR_IDENTIFIER=Intel64 Family 6 Model 126 Stepping 5, GenuineIntel



---------------  S Y S T E M  ---------------

OS: Windows 10 , 64 bit Build 19041 (10.0.19041.1889)

CPU:total 8 (initial active 8) (4 cores per cpu, 2 threads per core) family 6 model 126 stepping 5 microcode 0xa6, cmov, cx8, fxsr, mmx, sse, sse2, sse3, ssse3, sse4.1, sse4.2, popcnt, avx, avx2, aes, clmul, erms, 3dnowpref, lzcnt, ht, tsc, tscinvbit, bmi1, bmi2, adx, evex, sha, fma

Memory: 4k page, system-wide physical 3784M (321M free)
TotalPageFile size 15560M (AvailPageFile size 11M)
current process WorkingSet (physical memory assigned to process): 10M, peak: 10M
current process commit charge ("private bytes"): 57M, peak: 117M

vm_info: Java HotSpot(TM) 64-Bit Server VM (11.0.15.1+2-LTS-10) for windows-amd64 JRE (11.0.15.1+2-LTS-10), built on Apr 25 2022 21:51:57 by "mach5one" with MS VC++ 15.9 (VS2017)

END.
