# JRE version: Java(TM) SE Runtime Environment 18.9 (11.0.15.1+2) (build 11.0.15.1+2-LTS-10)
# Java VM: Java HotSpot(TM) 64-Bit Server VM 18.9 (11.0.15.1+2-LTS-10, mixed mode, tiered, compressed oops, g1 gc, windows-amd64)
# No core dump will be written. Minidumps are not enabled by default on client versions of Windows
#

---------------  S U M M A R Y ------------

Command Line: -Xverify:none -XX:TieredStopAtLevel=1 -Dfile.encoding=windows-1252 -Duser.country=AR -Duser.language=es -Duser.variant com.mindhub.homebanking.HomebankingApplication

Host: Intel(R) Core(TM) i5-1035G4 CPU @ 1.10GHz, 8 cores, 3G,  Windows 10 , 64 bit Build 19041 (10.0.19041.1889)
Time: Thu Nov 10 17:38:29 2022 Hora estándar Sudamérica este elapsed time: 3.819287 seconds (0d 0h 0m 3s)

---------------  T H R E A D  ---------------

Current thread (0x000001c51bdaf000):  VMThread "VM Thread" [stack: 0x000000269b600000,0x000000269b700000] [id=18160]

Stack: [0x000000269b600000,0x000000269b700000]
[error occurred during error reporting (printing stack bounds), id 0xc0000005, EXCEPTION_ACCESS_VIOLATION (0xc0000005) at pc=0x000001c5075f10e7]

Native frames: (J=compiled Java code, j=interpreted, Vv=VM code, C=native code)
V  [jvm.dll+0x629d8a]
V  [jvm.dll+0x7638ff]
V  [jvm.dll+0x764fa9]
V  [jvm.dll+0x765595]
V  [jvm.dll+0x76554b]
V  [jvm.dll+0x629273]
V  [jvm.dll+0x629988]
C  [ntdll.dll+0xa241f]
C  [ntdll.dll+0x514a4]
C  [ntdll.dll+0xa0f4e]
C  0x000001c5075f10e7

VM_Operation (0x000000269b0fc5e0): CollectForMetadataAllocation, mode: safepoint, requested by thread 0x000001c57ff1f000


---------------  P R O C E S S  ---------------

Threads class SMR info:
_java_thread_list=0x000001c51c87b5b0, length=9, elements={
0x000001c57ff1f000, 0x000001c51bdb1000, 0x000001c51bddb000, 0x000001c51be39800,
0x000001c51be3d000, 0x000001c51be40800, 0x000001c51be44000, 0x000001c51be49000,
0x000001c51c8ac000
}

Java Threads: ( => current thread )
  0x000001c57ff1f000 JavaThread "main" [_thread_blocked, id=20340, stack(0x000000269b000000,0x000000269b100000)]
  0x000001c51bdb1000 JavaThread "Reference Handler" daemon [_thread_blocked, id=22760, stack(0x000000269b700000,0x000000269b800000)]
  0x000001c51bddb000 JavaThread "Finalizer" daemon [_thread_blocked, id=2180, stack(0x000000269b800000,0x000000269b900000)]
  0x000001c51be39800 JavaThread "Signal Dispatcher" daemon [_thread_blocked, id=12120, stack(0x000000269b900000,0x000000269ba00000)]
  0x000001c51be3d000 JavaThread "Attach Listener" daemon [_thread_blocked, id=3676, stack(0x000000269ba00000,0x000000269bb00000)]
  0x000001c51be40800 JavaThread "Service Thread" daemon [_thread_blocked, id=20856, stack(0x000000269bb00000,0x000000269bc00000)]
  0x000001c51be44000 JavaThread "C1 CompilerThread0" daemon [_thread_blocked, id=16088, stack(0x000000269bc00000,0x000000269bd00000)]
  0x000001c51be49000 JavaThread "Sweeper thread" daemon [_thread_blocked, id=26232, stack(0x000000269bd00000,0x000000269be00000)]
  0x000001c51c8ac000 JavaThread "Common-Cleaner" daemon [_thread_blocked, id=19252, stack(0x000000269bf00000,0x000000269c000000)]

Other Threads:
=>0x000001c51bdaf000 VMThread "VM Thread" [stack: 0x000000269b600000,0x000000269b700000] [id=18160]
  0x000001c51c8ab000 WatcherThread [stack: 0x000000269be00000,0x000000269bf00000] [id=13516]
  0x000001c57ff32000 GCTaskThread "GC Thread#0" [stack: 0x000000269b100000,0x000000269b200000] [id=15864]
  0x000001c51d021800 GCTaskThread "GC Thread#1" [stack: 0x000000269c000000,0x000000269c100000] [id=11676]
  0x000001c57ff4d000 ConcurrentGCThread "G1 Main Marker" [stack: 0x000000269b200000,0x000000269b300000] [id=14544]
  0x000001c57ff4f800 ConcurrentGCThread "G1 Conc#0" [stack: 0x000000269b300000,0x000000269b400000] [id=21368]
  0x000001c57ffa6800 ConcurrentGCThread "G1 Refine#0" [stack: 0x000000269b400000,0x000000269b500000] [id=7356]
  0x000001c57ffa7800 ConcurrentGCThread "G1 Young RemSet Sampling" [stack: 0x000000269b500000,0x000000269b600000] [id=11948]

Threads with active compile tasks:

VM state:at safepoint (normal execution)

VM Mutex/Monitor currently owned by a thread:  ([mutex/lock_event])
[0x000001c57ff1cca0] Threads_lock - owner thread: 0x000001c51bdaf000
[0x000001c57ff1d360] Heap_lock - owner thread: 0x000001c57ff1f000

Heap address: 0x00000000c4c00000, size: 948 MB, Compressed Oops mode: 32-bit
Narrow klass base: 0x0000000000000000, Narrow klass shift: 3
Compressed class space size: 1073741824 Address: 0x0000000100000000

Heap:
 garbage-first heap   total 61440K, used 7642K [0x00000000c4c00000, 0x0000000100000000)
  region size 1024K, 1 young (1024K), 1 survivors (1024K)
 Metaspace       used 14604K, capacity 14962K, committed 15104K, reserved 1064960K
  class space    used 1631K, capacity 1774K, committed 1792K, reserved 1048576K
Heap Regions: E=young(eden), S=young(survivor), O=old, HS=humongous(starts), HC=humongous(continues), CS=collection set, F=free, A=archive, TAMS=top-at-mark-start (previous, next)
|   0|0x00000000c4c00000, 0x00000000c4d00000, 0x00000000c4d00000|100%|HS|  |TAMS 0x00000000c4c00000, 0x00000000c4d00000| Complete 
|   1|0x00000000c4d00000, 0x00000000c4e00000, 0x00000000c4e00000|100%| O|  |TAMS 0x00000000c4d00000, 0x00000000c4e00000| Untracked 
|   2|0x00000000c4e00000, 0x00000000c4f00000, 0x00000000c4f00000|100%| O|  |TAMS 0x00000000c4e00000, 0x00000000c4f00000| Untracked 
|   3|0x00000000c4f00000, 0x00000000c5000000, 0x00000000c5000000|100%| O|  |TAMS 0x00000000c4f00000, 0x00000000c5000000| Untracked 
|   4|0x00000000c5000000, 0x00000000c5100000, 0x00000000c5100000|100%| O|  |TAMS 0x00000000c5000000, 0x00000000c5100000| Untracked 
|   5|0x00000000c5100000, 0x00000000c5200000, 0x00000000c5200000|100%| O|  |TAMS 0x00000000c5100000, 0x00000000c5200000| Untracked 
|   6|0x00000000c5200000, 0x00000000c5298e00, 0x00000000c5300000| 59%| O|  |TAMS 0x00000000c5200000, 0x00000000c5298e00| Untracked 
|   7|0x00000000c5300000, 0x00000000c5300000, 0x00000000c5400000|  0%| F|  |TAMS 0x00000000c5300000, 0x00000000c5300000| Untracked 
|   8|0x00000000c5400000, 0x00000000c5400000, 0x00000000c5500000|  0%| F|  |TAMS 0x00000000c5400000, 0x00000000c5400000| Untracked 
|   9|0x00000000c5500000, 0x00000000c5500000, 0x00000000c5600000|  0%| F|  |TAMS 0x00000000c5500000, 0x00000000c5500000| Untracked 
|  10|0x00000000c5600000, 0x00000000c5600000, 0x00000000c5700000|  0%| F|  |TAMS 0x00000000c5600000, 0x00000000c5600000| Untracked 
|  11|0x00000000c5700000, 0x00000000c5700000, 0x00000000c5800000|  0%| F|  |TAMS 0x00000000c5700000, 0x00000000c5700000| Untracked 
|  12|0x00000000c5800000, 0x00000000c5800000, 0x00000000c5900000|  0%| F|  |TAMS 0x00000000c5800000, 0x00000000c5800000| Untracked 
|  13|0x00000000c5900000, 0x00000000c5900000, 0x00000000c5a00000|  0%| F|  |TAMS 0x00000000c5900000, 0x00000000c5900000| Untracked 
|  14|0x00000000c5a00000, 0x00000000c5a00000, 0x00000000c5b00000|  0%| F|  |TAMS 0x00000000c5a00000, 0x00000000c5a00000| Untracked 
|  15|0x00000000c5b00000, 0x00000000c5b00000, 0x00000000c5c00000|  0%| F|  |TAMS 0x00000000c5b00000, 0x00000000c5b00000| Untracked 
|  16|0x00000000c5c00000, 0x00000000c5c00000, 0x00000000c5d00000|  0%| F|  |TAMS 0x00000000c5c00000, 0x00000000c5c00000| Untracked 
|  17|0x00000000c5d00000, 0x00000000c5d00000, 0x00000000c5e00000|  0%| F|  |TAMS 0x00000000c5d00000, 0x00000000c5d00000| Untracked 
|  18|0x00000000c5e00000, 0x00000000c5e00000, 0x00000000c5f00000|  0%| F|  |TAMS 0x00000000c5e00000, 0x00000000c5e00000| Untracked 
|  19|0x00000000c5f00000, 0x00000000c5f00000, 0x00000000c6000000|  0%| F|  |TAMS 0x00000000c5f00000, 0x00000000c5f00000| Untracked 
|  20|0x00000000c6000000, 0x00000000c6000000, 0x00000000c6100000|  0%| F|  |TAMS 0x00000000c6000000, 0x00000000c6000000| Untracked 
|  21|0x00000000c6100000, 0x00000000c6100000, 0x00000000c6200000|  0%| F|  |TAMS 0x00000000c6100000, 0x00000000c6100000| Untracked 
|  22|0x00000000c6200000, 0x00000000c6200000, 0x00000000c6300000|  0%| F|  |TAMS 0x00000000c6200000, 0x00000000c6200000| Untracked 
|  23|0x00000000c6300000, 0x00000000c6300000, 0x00000000c6400000|  0%| F|  |TAMS 0x00000000c6300000, 0x00000000c6300000| Untracked 
|  24|0x00000000c6400000, 0x00000000c6400000, 0x00000000c6500000|  0%| F|  |TAMS 0x00000000c6400000, 0x00000000c6400000| Untracked 
|  25|0x00000000c6500000, 0x00000000c6500000, 0x00000000c6600000|  0%| F|  |TAMS 0x00000000c6500000, 0x00000000c6500000| Untracked 
|  26|0x00000000c6600000, 0x00000000c6600000, 0x00000000c6700000|  0%| F|  |TAMS 0x00000000c6600000, 0x00000000c6600000| Untracked 
|  27|0x00000000c6700000, 0x00000000c6700000, 0x00000000c6800000|  0%| F|  |TAMS 0x00000000c6700000, 0x00000000c6700000| Untracked 
|  28|0x00000000c6800000, 0x00000000c6800000, 0x00000000c6900000|  0%| F|  |TAMS 0x00000000c6800000, 0x00000000c6800000| Untracked 
|  29|0x00000000c6900000, 0x00000000c6900000, 0x00000000c6a00000|  0%| F|  |TAMS 0x00000000c6900000, 0x00000000c6900000| Untracked 
|  30|0x00000000c6a00000, 0x00000000c6a00000, 0x00000000c6b00000|  0%| F|  |TAMS 0x00000000c6a00000, 0x00000000c6a00000| Untracked 
|  31|0x00000000c6b00000, 0x00000000c6b00000, 0x00000000c6c00000|  0%| F|  |TAMS 0x00000000c6b00000, 0x00000000c6b00000| Untracked 
|  32|0x00000000c6c00000, 0x00000000c6c00000, 0x00000000c6d00000|  0%| F|  |TAMS 0x00000000c6c00000, 0x00000000c6c00000| Untracked 
|  33|0x00000000c6d00000, 0x00000000c6d00000, 0x00000000c6e00000|  0%| F|  |TAMS 0x00000000c6d00000, 0x00000000c6d00000| Untracked 
|  34|0x00000000c6e00000, 0x00000000c6e00000, 0x00000000c6f00000|  0%| F|  |TAMS 0x00000000c6e00000, 0x00000000c6e00000| Untracked 
|  35|0x00000000c6f00000, 0x00000000c6f00000, 0x00000000c7000000|  0%| F|  |TAMS 0x00000000c6f00000, 0x00000000c6f00000| Untracked 
|  36|0x00000000c7000000, 0x00000000c7000000, 0x00000000c7100000|  0%| F|  |TAMS 0x00000000c7000000, 0x00000000c7000000| Untracked 
|  37|0x00000000c7100000, 0x00000000c7100000, 0x00000000c7200000|  0%| F|  |TAMS 0x00000000c7100000, 0x00000000c7100000| Untracked 
|  38|0x00000000c7200000, 0x00000000c7200000, 0x00000000c7300000|  0%| F|  |TAMS 0x00000000c7200000, 0x00000000c7200000| Untracked 
|  39|0x00000000c7300000, 0x00000000c7300000, 0x00000000c7400000|  0%| F|  |TAMS 0x00000000c7300000, 0x00000000c7300000| Untracked 
|  40|0x00000000c7400000, 0x00000000c7400000, 0x00000000c7500000|  0%| F|  |TAMS 0x00000000c7400000, 0x00000000c7400000| Untracked 
|  41|0x00000000c7500000, 0x00000000c7500000, 0x00000000c7600000|  0%| F|  |TAMS 0x00000000c7500000, 0x00000000c7500000| Untracked 
|  42|0x00000000c7600000, 0x00000000c7600000, 0x00000000c7700000|  0%| F|  |TAMS 0x00000000c7600000, 0x00000000c7600000| Untracked 
|  43|0x00000000c7700000, 0x00000000c7700000, 0x00000000c7800000|  0%| F|  |TAMS 0x00000000c7700000, 0x00000000c7700000| Untracked 
|  44|0x00000000c7800000, 0x00000000c7800000, 0x00000000c7900000|  0%| F|  |TAMS 0x00000000c7800000, 0x00000000c7800000| Untracked 
|  45|0x00000000c7900000, 0x00000000c7900000, 0x00000000c7a00000|  0%| F|  |TAMS 0x00000000c7900000, 0x00000000c7900000| Untracked 
|  46|0x00000000c7a00000, 0x00000000c7addc30, 0x00000000c7b00000| 86%| S|CS|TAMS 0x00000000c7a00000, 0x00000000c7a00000| Complete 
|  47|0x00000000c7b00000, 0x00000000c7b00000, 0x00000000c7c00000|  0%| F|  |TAMS 0x00000000c7b00000, 0x00000000c7b00000| Untracked 
|  48|0x00000000c7c00000, 0x00000000c7c00000, 0x00000000c7d00000|  0%| F|  |TAMS 0x00000000c7c00000, 0x00000000c7c00000| Untracked 
|  49|0x00000000c7d00000, 0x00000000c7d00000, 0x00000000c7e00000|  0%| F|  |TAMS 0x00000000c7d00000, 0x00000000c7d00000| Untracked 
|  50|0x00000000c7e00000, 0x00000000c7e00000, 0x00000000c7f00000|  0%| F|  |TAMS 0x00000000c7e00000, 0x00000000c7e00000| Untracked 
|  51|0x00000000c7f00000, 0x00000000c7f00000, 0x00000000c8000000|  0%| F|  |TAMS 0x00000000c7f00000, 0x00000000c7f00000| Untracked 
|  52|0x00000000c8000000, 0x00000000c8000000, 0x00000000c8100000|  0%| F|  |TAMS 0x00000000c8000000, 0x00000000c8000000| Untracked 
|  53|0x00000000c8100000, 0x00000000c8100000, 0x00000000c8200000|  0%| F|  |TAMS 0x00000000c8100000, 0x00000000c8100000| Untracked 
|  54|0x00000000c8200000, 0x00000000c8200000, 0x00000000c8300000|  0%| F|  |TAMS 0x00000000c8200000, 0x00000000c8200000| Untracked 
|  55|0x00000000c8300000, 0x00000000c8300000, 0x00000000c8400000|  0%| F|  |TAMS 0x00000000c8300000, 0x00000000c8300000| Untracked 
|  56|0x00000000c8400000, 0x00000000c8400000, 0x00000000c8500000|  0%| F|  |TAMS 0x00000000c8400000, 0x00000000c8400000| Untracked 
|  57|0x00000000c8500000, 0x00000000c8500000, 0x00000000c8600000|  0%| F|  |TAMS 0x00000000c8500000, 0x00000000c8500000| Untracked 
|  58|0x00000000c8600000, 0x00000000c8600000, 0x00000000c8700000|  0%| F|  |TAMS 0x00000000c8600000, 0x00000000c8600000| Untracked 
|  59|0x00000000c8700000, 0x00000000c8700000, 0x00000000c8800000|  0%| F|  |TAMS 0x00000000c8700000, 0x00000000c8700000| Untracked 

Card table byte_map: [0x000001c517240000,0x000001c517420000] _byte_map_base: 0x000001c516c1a000

Marking Bits (Prev, Next): (CMBitMap*) 0x000001c57ff485b8, (CMBitMap*) 0x000001c57ff485f0
 Prev Bits: [0x000001c517600000, 0x000001c5184d0000)
 Next Bits: [0x000001c5184d0000, 0x000001c5193a0000)

Polling page: 0x000001c500000000

Metaspace:

Usage:
  Non-class:     12.88 MB capacity,    12.67 MB ( 98%) used,   175.82 KB (  1%) free+waste,    38.81 KB ( <1%) overhead. 
      Class:      1.73 MB capacity,     1.59 MB ( 92%) used,   122.39 KB (  7%) free+waste,    20.44 KB (  1%) overhead. 
       Both:     14.61 MB capacity,    14.26 MB ( 98%) used,   298.21 KB (  2%) free+waste,    59.25 KB ( <1%) overhead. 

Virtual space:
  Non-class space:       16.00 MB reserved,      13.00 MB ( 81%) committed 
      Class space:        1.00 GB reserved,       1.75 MB ( <1%) committed 
             Both:        1.02 GB reserved,      14.75 MB (  1%) committed 

Chunk freelists:
   Non-Class:  7.50 KB
       Class:  2.25 KB
        Both:  9.75 KB

CodeHeap 'non-profiled nmethods': size=238336Kb used=1941Kb max_used=1941Kb free=236394Kb
 bounds [0x000001c507d30000, 0x000001c507fa0000, 0x000001c5165f0000]
CodeHeap 'non-nmethods': size=7424Kb used=1106Kb max_used=1106Kb free=6317Kb
 bounds [0x000001c5075f0000, 0x000001c507860000, 0x000001c507d30000]
 total_blobs=1822 nmethods=1420 adapters=329
 compilation: enabled
              stopped_count=0, restarted_count=0
 full_count=0

Compilation events (10 events):
Event: 3.746 Thread 0x000001c51be44000 1413       1       java.util.HashMap$KeySet::size (8 bytes)
Event: 3.746 Thread 0x000001c51be44000 nmethod 1413 0x000001c507f13190 code [0x000001c507f13320, 0x000001c507f133d8]
Event: 3.746 Thread 0x000001c51be44000 1416       1       org.springframework.boot.context.properties.source.DefaultPropertyMapper$LastMapping::<init> (15 bytes)
Event: 3.746 Thread 0x000001c51be44000 nmethod 1416 0x000001c507f13490 code [0x000001c507f13620, 0x000001c507f13778]
Event: 3.755 Thread 0x000001c51be44000 1417       1       ch.qos.logback.core.subst.Tokenizer::handleLiteralState (121 bytes)
Event: 3.756 Thread 0x000001c51be44000 nmethod 1417 0x000001c507f13810 code [0x000001c507f13ac0, 0x000001c507f14448]
Event: 3.766 Thread 0x000001c51be44000 1419       1       java.util.Properties::getProperty (50 bytes)
Event: 3.766 Thread 0x000001c51be44000 nmethod 1419 0x000001c507f14d90 code [0x000001c507f14f40, 0x000001c507f150f8]
Event: 3.774 Thread 0x000001c51be44000 1420       1       ch.qos.logback.core.subst.Parser::peekAtCurentToken (35 bytes)
Event: 3.775 Thread 0x000001c51be44000 nmethod 1420 0x000001c507f15210 code [0x000001c507f153c0, 0x000001c507f15538]

GC Heap History (4 events):
Event: 3.017 GC heap before
{Heap before GC invocations=0 (full 0):
 garbage-first heap   total 61440K, used 25600K [0x00000000c4c00000, 0x0000000100000000)
  region size 1024K, 24 young (24576K), 0 survivors (0K)
 Metaspace       used 12124K, capacity 12372K, committed 12672K, reserved 1060864K
  class space    used 1249K, capacity 1323K, committed 1408K, reserved 1048576K
}
Event: 3.032 GC heap after
{Heap after GC invocations=1 (full 0):
 garbage-first heap   total 61440K, used 6797K [0x00000000c4c00000, 0x0000000100000000)
  region size 1024K, 3 young (3072K), 3 survivors (3072K)
 Metaspace       used 12124K, capacity 12372K, committed 12672K, reserved 1060864K
  class space    used 1249K, capacity 1323K, committed 1408K, reserved 1048576K
}
Event: 3.797 GC heap before
{Heap before GC invocations=1 (full 0):
 garbage-first heap   total 61440K, used 19085K [0x00000000c4c00000, 0x0000000100000000)
  region size 1024K, 16 young (16384K), 3 survivors (3072K)
 Metaspace       used 14604K, capacity 14962K, committed 15104K, reserved 1064960K
  class space    used 1631K, capacity 1774K, committed 1792K, reserved 1048576K
}
Event: 3.808 GC heap after
{Heap after GC invocations=2 (full 0):
 garbage-first heap   total 61440K, used 7642K [0x00000000c4c00000, 0x0000000100000000)
  region size 1024K, 1 young (1024K), 1 survivors (1024K)
 Metaspace       used 14604K, capacity 14962K, committed 15104K, reserved 1064960K
  class space    used 1631K, capacity 1774K, committed 1792K, reserved 1048576K
}

Deoptimization events (0 events):
No events

Classes redefined (0 events):
No events

Internal exceptions (10 events):
Event: 3.397 Thread 0x000001c57ff1f000 Exception <a 'java/lang/NoSuchMethodError'{0x00000000c803d438}: java.lang.invoke.DirectMethodHandle$Holder.invokeStatic(Ljava/lang/Object;Ljava/lang/Object;Ljava/lang/Object;ILjava/lang/Object;)Ljava/lang/Object;> (0x00000000c803d438) thrown at [./open/sr
Event: 3.398 Thread 0x000001c57ff1f000 Exception <a 'java/lang/NoSuchMethodError'{0x00000000c8043e38}: java.lang.invoke.Invokers$Holder.linkToTargetMethod(Ljava/lang/Object;Ljava/lang/Object;ILjava/lang/Object;Ljava/lang/Object;)Ljava/lang/Object;> (0x00000000c8043e38) thrown at [./open/src/ho
Event: 3.399 Thread 0x000001c57ff1f000 Exception <a 'java/lang/NoSuchMethodError'{0x00000000c804c930}: java.lang.invoke.DirectMethodHandle$Holder.invokeStatic(Ljava/lang/Object;ILjava/lang/Object;Ljava/lang/Object;)I> (0x00000000c804c930) thrown at [./open/src/hotspot/share/interpreter/linkRes
Event: 3.400 Thread 0x000001c57ff1f000 Exception <a 'java/lang/NoSuchMethodError'{0x00000000c8053a38}: java.lang.invoke.DirectMethodHandle$Holder.invokeStatic(Ljava/lang/Object;ILjava/lang/Object;)Ljava/lang/Object;> (0x00000000c8053a38) thrown at [./open/src/hotspot/share/interpreter/linkReso
Event: 3.401 Thread 0x000001c57ff1f000 Exception <a 'java/lang/NoSuchMethodError'{0x00000000c8057de0}: java.lang.invoke.DirectMethodHandle$Holder.invokeSpecialIFC(Ljava/lang/Object;Ljava/lang/Object;Ljava/lang/Object;Ljava/lang/Object;)I> (0x00000000c8057de0) thrown at [./open/src/hotspot/shar
Event: 3.485 Thread 0x000001c57ff1f000 Exception <a 'java/lang/NoSuchMethodError'{0x00000000c7e21d70}: java.lang.invoke.DirectMethodHandle$Holder.invokeStaticInit(Ljava/lang/Object;Ljava/lang/Object;)V> (0x00000000c7e21d70) thrown at [./open/src/hotspot/share/interpreter/linkResolver.cpp, line
Event: 3.489 Thread 0x000001c57ff1f000 Exception <a 'java/lang/NoSuchMethodError'{0x00000000c7e3d8e8}: java.lang.invoke.DirectMethodHandle$Holder.invokeStaticInit(Ljava/lang/Object;Ljava/lang/Object;Ljava/lang/Object;)V> (0x00000000c7e3d8e8) thrown at [./open/src/hotspot/share/interpreter/link
Event: 3.537 Thread 0x000001c57ff1f000 Exception <a 'java/lang/NoSuchMethodError'{0x00000000c7e66a78}: java.lang.invoke.DirectMethodHandle$Holder.invokeStaticInit(Ljava/lang/Object;Ljava/lang/Object;Ljava/lang/Object;)Ljava/lang/Object;> (0x00000000c7e66a78) thrown at [./open/src/hotspot/share
Event: 3.617 Thread 0x000001c57ff1f000 Exception <a 'java/net/UnknownHostException'{0x00000000c7e8b528}> (0x00000000c7e8b528) thrown at [./open/src/hotspot/share/prims/jni.cpp, line 611]
Event: 3.644 Thread 0x000001c57ff1f000 Exception <a 'java/lang/NoSuchMethodError'{0x00000000c7d68100}: java.lang.invoke.DirectMethodHandle$Holder.invokeVirtual(Ljava/lang/Object;Ljava/lang/Object;Ljava/lang/Object;Ljava/lang/Object;)V> (0x00000000c7d68100) thrown at [./open/src/hotspot/share/i

Events (10 events):
Event: 3.793 loading class ch/qos/logback/classic/pattern/PropertyConverter done
Event: 3.794 loading class ch/qos/logback/classic/pattern/LineSeparatorConverter
Event: 3.794 loading class ch/qos/logback/classic/pattern/LineSeparatorConverter done
Event: 3.794 loading class ch/qos/logback/core/pattern/color/BlackCompositeConverter
Event: 3.794 loading class ch/qos/logback/core/pattern/color/BlackCompositeConverter done
Event: 3.795 loading class ch/qos/logback/core/pattern/color/ForegroundCompositeConverterBase
Event: 3.795 loading class ch/qos/logback/core/pattern/color/ForegroundCompositeConverterBase done
Event: 3.795 loading class ch/qos/logback/core/pattern/color/RedCompositeConverter
Event: 3.795 loading class ch/qos/logback/core/pattern/color/RedCompositeConverter done
Event: 3.797 Executing VM operation: CollectForMetadataAllocation


Dynamic libraries:
0x00007ff68b830000 - 0x00007ff68b83f000 	C:\Program Files\Java\jdk-11.0.15.1\bin\java.exe
0x00007ffd463f0000 - 0x00007ffd465e8000 	C:\WINDOWS\SYSTEM32\ntdll.dll
0x00007ffd0a620000 - 0x00007ffd0a637000 	C:\Program Files\AVAST Software\Avast\aswhook.dll
0x00007ffd44e40000 - 0x00007ffd44efd000 	C:\WINDOWS\System32\KERNEL32.DLL
0x00007ffd43fe0000 - 0x00007ffd442b2000 	C:\WINDOWS\System32\KERNELBASE.dll
0x00007ffd43d20000 - 0x00007ffd43e20000 	C:\WINDOWS\System32\ucrtbase.dll
0x00007ffd176d0000 - 0x00007ffd176e8000 	C:\Program Files\Java\jdk-11.0.15.1\bin\jli.dll
0x00007ffd44780000 - 0x00007ffd4482e000 	C:\WINDOWS\System32\ADVAPI32.dll
0x00007ffd44450000 - 0x00007ffd444ee000 	C:\WINDOWS\System32\msvcrt.dll
0x00007ffd461d0000 - 0x00007ffd4626c000 	C:\WINDOWS\System32\sechost.dll
0x00007ffd45830000 - 0x00007ffd45955000 	C:\WINDOWS\System32\RPCRT4.dll
0x00007ffd16c60000 - 0x00007ffd16c75000 	C:\Program Files\Java\jdk-11.0.15.1\bin\VCRUNTIME140.dll
0x00007ffd44ca0000 - 0x00007ffd44e3d000 	C:\WINDOWS\System32\USER32.dll
0x00007ffd442c0000 - 0x00007ffd442e2000 	C:\WINDOWS\System32\win32u.dll
0x00007ffd457a0000 - 0x00007ffd457cb000 	C:\WINDOWS\System32\GDI32.dll
0x00007ffd43ed0000 - 0x00007ffd43fdf000 	C:\WINDOWS\System32\gdi32full.dll
0x00007ffd44360000 - 0x00007ffd443fd000 	C:\WINDOWS\System32\msvcp_win.dll
0x00007ffd1fcd0000 - 0x00007ffd1ff6a000 	C:\WINDOWS\WinSxS\amd64_microsoft.windows.common-controls_6595b64144ccf1df_6.0.19041.1110_none_60b5254171f9507e\COMCTL32.dll
0x00007ffd3cda0000 - 0x00007ffd3cdaa000 	C:\WINDOWS\SYSTEM32\VERSION.dll
0x00007ffd45260000 - 0x00007ffd45290000 	C:\WINDOWS\System32\IMM32.DLL
0x00007ffcff4d0000 - 0x00007ffcff56b000 	C:\Program Files\Java\jdk-11.0.15.1\bin\msvcp140.dll
0x00007ffcdb500000 - 0x00007ffcdc016000 	C:\Program Files\Java\jdk-11.0.15.1\bin\server\jvm.dll
0x00007ffd455f0000 - 0x00007ffd455f8000 	C:\WINDOWS\System32\PSAPI.DLL
0x00007ffd20230000 - 0x00007ffd20257000 	C:\WINDOWS\SYSTEM32\WINMM.dll
0x00007ffd2b630000 - 0x00007ffd2b639000 	C:\WINDOWS\SYSTEM32\WSOCK32.dll
0x00007ffd45730000 - 0x00007ffd4579b000 	C:\WINDOWS\System32\WS2_32.dll
0x00007ffd423a0000 - 0x00007ffd423b2000 	C:\WINDOWS\SYSTEM32\kernel.appcore.dll
0x00007ffd3f1a0000 - 0x00007ffd3f1b0000 	C:\Program Files\Java\jdk-11.0.15.1\bin\verify.dll
0x00007ffd42130000 - 0x00007ffd42314000 	C:\WINDOWS\SYSTEM32\DBGHELP.DLL
0x00007ffd2e1f0000 - 0x00007ffd2e21c000 	C:\WINDOWS\SYSTEM32\dbgcore.DLL
0x00007ffd43c60000 - 0x00007ffd43ce2000 	C:\WINDOWS\System32\bcryptPrimitives.dll
0x00007ffd09950000 - 0x00007ffd09978000 	C:\Program Files\Java\jdk-11.0.15.1\bin\java.dll
0x00007ffd18b50000 - 0x00007ffd18b5a000 	C:\Program Files\Java\jdk-11.0.15.1\bin\jimage.dll
0x00007ffd140d0000 - 0x00007ffd140e6000 	C:\Program Files\Java\jdk-11.0.15.1\bin\zip.dll
0x00007ffd45a80000 - 0x00007ffd461c3000 	C:\WINDOWS\System32\SHELL32.dll
0x00007ffd418d0000 - 0x00007ffd42061000 	C:\WINDOWS\SYSTEM32\windows.storage.dll
0x00007ffd45290000 - 0x00007ffd455e4000 	C:\WINDOWS\System32\combase.dll
0x00007ffd43480000 - 0x00007ffd434b0000 	C:\WINDOWS\SYSTEM32\Wldp.dll
0x00007ffd44580000 - 0x00007ffd4462d000 	C:\WINDOWS\System32\SHCORE.dll
0x00007ffd457d0000 - 0x00007ffd45825000 	C:\WINDOWS\System32\shlwapi.dll
0x00007ffd43a40000 - 0x00007ffd43a5f000 	C:\WINDOWS\SYSTEM32\profapi.dll
0x00007ffd09880000 - 0x00007ffd09899000 	C:\Program Files\Java\jdk-11.0.15.1\bin\net.dll
0x00007ffd2efe0000 - 0x00007ffd2f0ed000 	C:\WINDOWS\SYSTEM32\WINHTTP.dll
0x00007ffd431e0000 - 0x00007ffd4324a000 	C:\WINDOWS\system32\mswsock.dll
0x00007ffd09860000 - 0x00007ffd09872000 	C:\Program Files\Java\jdk-11.0.15.1\bin\nio.dll
0x00007ffd3e520000 - 0x00007ffd3e529000 	C:\Program Files\Java\jdk-11.0.15.1\bin\management.dll
0x00007ffd258f0000 - 0x00007ffd258fb000 	C:\Program Files\Java\jdk-11.0.15.1\bin\management_ext.dll
0x00007ffd18940000 - 0x00007ffd18957000 	C:\WINDOWS\system32\napinsp.dll
0x00007ffd18920000 - 0x00007ffd1893b000 	C:\WINDOWS\system32\pnrpnsp.dll
0x00007ffd3e6b0000 - 0x00007ffd3e6c5000 	C:\WINDOWS\system32\wshbth.dll
0x00007ffd3eeb0000 - 0x00007ffd3eecd000 	C:\WINDOWS\system32\NLAapi.dll
0x00007ffd42ed0000 - 0x00007ffd42f0b000 	C:\WINDOWS\SYSTEM32\IPHLPAPI.DLL
0x00007ffd42f10000 - 0x00007ffd42fda000 	C:\WINDOWS\SYSTEM32\DNSAPI.dll
0x00007ffd451e0000 - 0x00007ffd451e8000 	C:\WINDOWS\System32\NSI.dll
0x00007ffd18850000 - 0x00007ffd18862000 	C:\WINDOWS\System32\winrnr.dll
0x00007ffd3b330000 - 0x00007ffd3b33a000 	C:\Windows\System32\rasadhlp.dll
0x00007ffd2edf0000 - 0x00007ffd2ee70000 	C:\WINDOWS\System32\fwpuclnt.dll
0x00007ffd43cf0000 - 0x00007ffd43d17000 	C:\WINDOWS\System32\bcrypt.dll

dbghelp: loaded successfully - version: 4.0.5 - missing functions: none
symbol engine: initialized successfully - sym options: 0x614 - pdb path: .;C:\Program Files\Java\jdk-11.0.15.1\bin;C:\WINDOWS\SYSTEM32;C:\Program Files\AVAST Software\Avast;C:\WINDOWS\WinSxS\amd64_microsoft.windows.common-controls_6595b64144ccf1df_6.0.19041.1110_none_60b5254171f9507e;C:\Program Files\Java\jdk-11.0.15.1\bin\server

VM Arguments:
jvm_args: -Xverify:none -XX:TieredStopAtLevel=1 -Dfile.encoding=windows-1252 -Duser.country=AR -Duser.language=es -Duser.variant 
java_command: com.mindhub.homebanking.HomebankingApplication
java_class_path (initial): C:\Users\cmfab\Desktop\homebanking TASK9-CamilaFabiani\src\main\resources;C:\Users\cmfab\Desktop\homebanking TASK9-CamilaFabiani\build\classes\java\main;C:\Users\cmfab\.gradle\caches\modules-2\files-2.1\org.postgresql\postgresql\42.3.7\1b4a36e733974ac465aa9dc972236a32ce75bb25\postgresql-42.3.7.jar;C:\Users\cmfab\.gradle\caches\modules-2\files-2.1\jakarta.transaction\jakarta.transaction-api\1.3.3\c4179d48720a1e87202115fbed6089bdc4195405\jakarta.transaction-api-1.3.3.jar;C:\Users\cmfab\.gradle\caches\modules-2\files-2.1\jakarta.persistence\jakarta.persistence-api\2.2.3\8f6ea5daedc614f07a3654a455660145286f024e\jakarta.persistence-api-2.2.3.jar;C:\Users\cmfab\.gradle\caches\modules-2\files-2.1\org.hibernate\hibernate-core\5.6.11.Final\bc2aa514b13cfeee4ce8ed1f770c321ab63c2b82\hibernate-core-5.6.11.Final.jar;C:\Users\cmfab\.gradle\caches\modules-2\files-2.1\org.springframework.data\spring-data-jpa\2.7.3\e6f61621f80030ba56195cf6664aa8c1d902e082\spring-data-jpa-2.7.3.jar;C:\Users\cmfab\.gradle\caches\modules-2\files-2.1\org.springframework\spring-aspects\5.3.23\35a0f5df4241f794fd79dd2447195ac055e88b8e\spring-aspects-5.3.23.jar;C:\Users\cmfab\.gradle\caches\modules-2\files-2.1\org.springframework.data\spring-data-rest-webmvc\3.7.3\78efe97e9b602edaa7ac58f883d3b041c58bd265\spring-data-rest-webmvc-3.7.3.jar;C:\Users\cmfab\.gradle\caches\modules-2\files-2.1\org.springframework\spring-webmvc\5.3.23\b163527c275b0374371890c0b76c2a2a09f9804b\spring-webmvc-5.3.23.jar;C:\Users\cmfab\.gradle\caches\modules-2\files-2.1\org.springframework.security\spring-security-web\5.7.3\293cba5503450553600e3204a98241160ec95c1d\spring-security-web-5.7.3.jar;C:\Users\cmfab\.gradle\caches\modules-2\files-2.1\org.springframework.data\spring-data-rest-core\3.7.3\98cebcd6195a3a6e2220d303db3b0dedd4b49e11\spring-data-rest-core-3.7.3.jar;C:\Users\cmfab\.gradle\caches\modules-2\files-2.1\org.springframework.hateoas\spring-hateoas\1.5.2\7267165e433ab9369a763f6072ebe784add053fb\sprin
Launcher Type: SUN_STANDARD

[Global flags]
     bool BytecodeVerificationLocal                = false                                     {product} {command line}
     bool BytecodeVerificationRemote               = false                                     {product} {command line}
     intx CICompilerCount                          = 4                                         {product} {ergonomic}
     uint ConcGCThreads                            = 2                                         {product} {ergonomic}
     uint G1ConcRefinementThreads                  = 8                                         {product} {ergonomic}
   size_t G1HeapRegionSize                         = 1048576                                   {product} {ergonomic}
    uintx GCDrainStackTargetSize                   = 64                                        {product} {ergonomic}
   size_t InitialHeapSize                          = 62914560                                  {product} {ergonomic}
   size_t MarkStackSize                            = 4194304                                   {product} {ergonomic}
   size_t MaxHeapSize                              = 994050048                                 {product} {ergonomic}
   size_t MaxNewSize                               = 595591168                                 {product} {ergonomic}
   size_t MinHeapDeltaBytes                        = 1048576                                   {product} {ergonomic}
    uintx NonNMethodCodeHeapSize                   = 7549744                                {pd product} {ergonomic}
    uintx NonProfiledCodeHeapSize                  = 244108496                              {pd product} {ergonomic}
    uintx ProfiledCodeHeapSize                     = 0                                      {pd product} {ergonomic}
    uintx ReservedCodeCacheSize                    = 251658240                              {pd product} {ergonomic}
     bool SegmentedCodeCache                       = true                                      {product} {ergonomic}
     intx TieredStopAtLevel                        = 1                                         {product} {command line}
     bool UseCompressedClassPointers               = true                                 {lp64_product} {ergonomic}
     bool UseCompressedOops                        = true                                 {lp64_product} {ergonomic}
     bool UseG1GC                                  = true                                      {product} {ergonomic}
     bool UseLargePagesIndividualAllocation        = false                                  {pd product} {ergonomic}

Logging:
Log output configuration:
 #0: stdout all=warning uptime,level,tags
 #1: stderr all=off uptime,level,tags

Environment Variables:
JAVA_HOME=C:\Program Files\Java\jdk-11.0.15.1
PATH=C:\Program Files\Common Files\Oracle\Java\javapath;C:\WINDOWS\system32;C:\WINDOWS;C:\WINDOWS\System32\Wbem;C:\WINDOWS\System32\WindowsPowerShell\v1.0\;C:\WINDOWS\System32\OpenSSH\;C:\Program Files (x86)\Brackets\command;C:\Users\cmfab\Desktop\POSTGRESQL\bin;C:\Users\cmfab\AppData\Local\Microsoft\WindowsApps;C:\Users\cmfab\AppData\Local\Programs\Microsoft VS Code\bin;C:\Program Files\Java\jdk-11.0.15.1\bin;C:\gradle-6.8\bin;
USERNAME=cmfab
OS=Windows_NT
PROCESSOR_IDENTIFIER=Intel64 Family 6 Model 126 Stepping 5, GenuineIntel



---------------  S Y S T E M  ---------------

OS: Windows 10 , 64 bit Build 19041 (10.0.19041.1889)

CPU:total 8 (initial active 8) (4 cores per cpu, 2 threads per core) family 6 model 126 stepping 5 microcode 0xa6, cmov, cx8, fxsr, mmx, sse, sse2, sse3, ssse3, sse4.1, sse4.2, popcnt, avx, avx2, aes, clmul, erms, 3dnowpref, lzcnt, ht, tsc, tscinvbit, bmi1, bmi2, adx, evex, sha, fma

Memory: 4k page, system-wide physical 3784M (207M free)
TotalPageFile size 15560M (AvailPageFile size 0M)
current process WorkingSet (physical memory assigned to process): 80M, peak: 80M
current process commit charge ("private bytes"): 148M, peak: 149M

vm_info: Java HotSpot(TM) 64-Bit Server VM (11.0.15.1+2-LTS-10) for windows-amd64 JRE (11.0.15.1+2-LTS-10), built on Apr 25 2022 21:51:57 by "mach5one" with MS VC++ 15.9 (VS2017)

END.
