#
# There is insufficient memory for the Java Runtime Environment to continue.
# Native memory allocation (malloc) failed to allocate 1048576 bytes for AllocateHeap
# Possible reasons:
#   The system is out of physical RAM or swap space
#   The process is running with CompressedOops enabled, and the Java Heap may be blocking the growth of the native heap
# Possible solutions:
#   Reduce memory load on the system
#   Increase physical memory or swap space
#   Check if swap backing store is full
#   Decrease Java heap size (-Xmx/-Xms)
#   Decrease number of Java threads
#   Decrease Java thread stack sizes (-Xss)
#   Set larger code cache with -XX:ReservedCodeCacheSize=
#   JVM is running with Unscaled Compressed Oops mode in which the Java heap is
#     placed in the first 4GB address space. The Java Heap base address is the
#     maximum limit for the native heap growth. Please use -XX:HeapBaseMinAddress
#     to set the Java Heap base and to place the Java Heap above 4GB virtual address.
# This output file may be truncated or incomplete.
#
#  Out of Memory Error (./open/src/hotspot/share/memory/allocation.cpp:46), pid=10760, tid=19764
#
# JRE version: Java(TM) SE Runtime Environment 18.9 (11.0.15.1+2) (build 11.0.15.1+2-LTS-10)
# Java VM: Java HotSpot(TM) 64-Bit Server VM 18.9 (11.0.15.1+2-LTS-10, mixed mode, tiered, compressed oops, g1 gc, windows-amd64)
# No core dump will be written. Minidumps are not enabled by default on client versions of Windows
#

---------------  S U M M A R Y ------------

Command Line: -Xverify:none -XX:TieredStopAtLevel=1 -Dfile.encoding=windows-1252 -Duser.country=AR -Duser.language=es -Duser.variant com.mindhub.homebanking.HomebankingApplication

Host: Intel(R) Core(TM) i5-1035G4 CPU @ 1.10GHz, 8 cores, 3G,  Windows 10 , 64 bit Build 19041 (10.0.19041.1889)
Time: Mon Oct 24 15:34:03 2022 Hora estándar Sudamérica este elapsed time: 3.154839 seconds (0d 0h 0m 3s)

---------------  T H R E A D  ---------------

Current thread (0x000001f29bde2000):  VMThread "VM Thread" [stack: 0x000000291ed00000,0x000000291ee00000] [id=19764]

Stack: [0x000000291ed00000,0x000000291ee00000]
[error occurred during error reporting (printing stack bounds), id 0xc0000005, EXCEPTION_ACCESS_VIOLATION (0xc0000005) at pc=0x000001f2875f10e7]

Native frames: (J=compiled Java code, j=interpreted, Vv=VM code, C=native code)
V  [jvm.dll+0x629d8a]
V  [jvm.dll+0x7638ff]
V  [jvm.dll+0x764fa9]
V  [jvm.dll+0x765595]
V  [jvm.dll+0x76554b]
V  [jvm.dll+0x629273]
V  [jvm.dll+0x629988]
C  [ntdll.dll+0xa241f]
C  [ntdll.dll+0x514a4]
C  [ntdll.dll+0xa0f4e]
C  0x000001f2875f10e7

VM_Operation (0x000000291e7fb850): CollectForMetadataAllocation, mode: safepoint, requested by thread 0x000001f2f92fb000


---------------  P R O C E S S  ---------------

Threads class SMR info:
_java_thread_list=0x000001f29e2bbbf0, length=9, elements={
0x000001f2f92fb000, 0x000001f29bde4000, 0x000001f29bded800, 0x000001f29be43800,
0x000001f29be47000, 0x000001f29be4e000, 0x000001f29be51000, 0x000001f29be55800,
0x000001f29c8c1800
}

Java Threads: ( => current thread )
  0x000001f2f92fb000 JavaThread "main" [_thread_blocked, id=13792, stack(0x000000291e700000,0x000000291e800000)]
  0x000001f29bde4000 JavaThread "Reference Handler" daemon [_thread_blocked, id=16668, stack(0x000000291ee00000,0x000000291ef00000)]
  0x000001f29bded800 JavaThread "Finalizer" daemon [_thread_blocked, id=20796, stack(0x000000291ef00000,0x000000291f000000)]
  0x000001f29be43800 JavaThread "Signal Dispatcher" daemon [_thread_blocked, id=16308, stack(0x000000291f000000,0x000000291f100000)]
  0x000001f29be47000 JavaThread "Attach Listener" daemon [_thread_blocked, id=13336, stack(0x000000291f100000,0x000000291f200000)]
  0x000001f29be4e000 JavaThread "Service Thread" daemon [_thread_blocked, id=19028, stack(0x000000291f200000,0x000000291f300000)]
  0x000001f29be51000 JavaThread "C1 CompilerThread0" daemon [_thread_blocked, id=6256, stack(0x000000291f300000,0x000000291f400000)]
  0x000001f29be55800 JavaThread "Sweeper thread" daemon [_thread_blocked, id=3116, stack(0x000000291f400000,0x000000291f500000)]
  0x000001f29c8c1800 JavaThread "Common-Cleaner" daemon [_thread_blocked, id=5732, stack(0x000000291f600000,0x000000291f700000)]

Other Threads:
=>0x000001f29bde2000 VMThread "VM Thread" [stack: 0x000000291ed00000,0x000000291ee00000] [id=19764]
  0x000001f29c8c0000 WatcherThread [stack: 0x000000291f500000,0x000000291f600000] [id=21232]
  0x000001f2f9311000 GCTaskThread "GC Thread#0" [stack: 0x000000291e800000,0x000000291e900000] [id=13720]
  0x000001f29d0f7000 GCTaskThread "GC Thread#1" [stack: 0x000000291f700000,0x000000291f800000] [id=6136]
  0x000001f29d30b000 GCTaskThread "GC Thread#2" [stack: 0x000000291f900000,0x000000291fa00000] [id=7756]
  0x000001f29d30c000 GCTaskThread "GC Thread#3" [stack: 0x000000291fa00000,0x000000291fb00000] [id=15604]
  0x000001f2f932a000 ConcurrentGCThread "G1 Main Marker" [stack: 0x000000291e900000,0x000000291ea00000] [id=16400]
  0x000001f2f932c800 ConcurrentGCThread "G1 Conc#0" [stack: 0x000000291ea00000,0x000000291eb00000] [id=2892]
  0x000001f29e196800 ConcurrentGCThread "G1 Conc#1" [stack: 0x000000291fb00000,0x000000291fc00000] [id=12744]
  0x000001f2f9386000 ConcurrentGCThread "G1 Refine#0" [stack: 0x000000291eb00000,0x000000291ec00000] [id=10348]
  0x000001f2f9389000 ConcurrentGCThread "G1 Young RemSet Sampling" [stack: 0x000000291ec00000,0x000000291ed00000] [id=21644]

Threads with active compile tasks:

VM state:at safepoint (normal execution)

VM Mutex/Monitor currently owned by a thread:  ([mutex/lock_event])
[0x000001f2f92f73b0] Threads_lock - owner thread: 0x000001f29bde2000
[0x000001f2f92f8490] Heap_lock - owner thread: 0x000001f2f92fb000

Heap address: 0x00000000c4c00000, size: 948 MB, Compressed Oops mode: 32-bit
Narrow klass base: 0x0000000000000000, Narrow klass shift: 3
Compressed class space size: 1073741824 Address: 0x0000000100000000

Heap:
 garbage-first heap   total 61440K, used 12535K [0x00000000c4c00000, 0x0000000100000000)
  region size 1024K, 3 young (3072K), 3 survivors (3072K)
 Metaspace       used 26190K, capacity 26996K, committed 27056K, reserved 1091584K
  class space    used 3209K, capacity 3529K, committed 3584K, reserved 1048576K
Heap Regions: E=young(eden), S=young(survivor), O=old, HS=humongous(starts), HC=humongous(continues), CS=collection set, F=free, A=archive, TAMS=top-at-mark-start (previous, next)
|   0|0x00000000c4c00000, 0x00000000c4d00000, 0x00000000c4d00000|100%|HS|  |TAMS 0x00000000c4d00000, 0x00000000c4d00000| Complete 
|   1|0x00000000c4d00000, 0x00000000c4e00000, 0x00000000c4e00000|100%| O|  |TAMS 0x00000000c4e00000, 0x00000000c4e00000| Untracked 
|   2|0x00000000c4e00000, 0x00000000c4f00000, 0x00000000c4f00000|100%| O|  |TAMS 0x00000000c4f00000, 0x00000000c4f00000| Untracked 
|   3|0x00000000c4f00000, 0x00000000c5000000, 0x00000000c5000000|100%| O|  |TAMS 0x00000000c5000000, 0x00000000c5000000| Untracked 
|   4|0x00000000c5000000, 0x00000000c5100000, 0x00000000c5100000|100%| O|  |TAMS 0x00000000c5100000, 0x00000000c5100000| Untracked 
|   5|0x00000000c5100000, 0x00000000c5200000, 0x00000000c5200000|100%| O|  |TAMS 0x00000000c5200000, 0x00000000c5200000| Untracked 
|   6|0x00000000c5200000, 0x00000000c5300000, 0x00000000c5300000|100%| O|  |TAMS 0x00000000c5300000, 0x00000000c5300000| Untracked 
|   7|0x00000000c5300000, 0x00000000c5400000, 0x00000000c5400000|100%| O|  |TAMS 0x00000000c53c9000, 0x00000000c5400000| Untracked 
|   8|0x00000000c5400000, 0x00000000c5500000, 0x00000000c5500000|100%| O|  |TAMS 0x00000000c5400000, 0x00000000c5500000| Untracked 
|   9|0x00000000c5500000, 0x00000000c55f7e08, 0x00000000c5600000| 96%| O|  |TAMS 0x00000000c5500000, 0x00000000c55f7e08| Untracked 
|  10|0x00000000c5600000, 0x00000000c5600000, 0x00000000c5700000|  0%| F|  |TAMS 0x00000000c5600000, 0x00000000c5600000| Untracked 
|  11|0x00000000c5700000, 0x00000000c5700000, 0x00000000c5800000|  0%| F|  |TAMS 0x00000000c5700000, 0x00000000c5700000| Untracked 
|  12|0x00000000c5800000, 0x00000000c5800000, 0x00000000c5900000|  0%| F|  |TAMS 0x00000000c5800000, 0x00000000c5800000| Untracked 
|  13|0x00000000c5900000, 0x00000000c5900000, 0x00000000c5a00000|  0%| F|  |TAMS 0x00000000c5900000, 0x00000000c5900000| Untracked 
|  14|0x00000000c5a00000, 0x00000000c5a00000, 0x00000000c5b00000|  0%| F|  |TAMS 0x00000000c5a00000, 0x00000000c5a00000| Untracked 
|  15|0x00000000c5b00000, 0x00000000c5b00000, 0x00000000c5c00000|  0%| F|  |TAMS 0x00000000c5b00000, 0x00000000c5b00000| Untracked 
|  16|0x00000000c5c00000, 0x00000000c5c00000, 0x00000000c5d00000|  0%| F|  |TAMS 0x00000000c5c00000, 0x00000000c5c00000| Untracked 
|  17|0x00000000c5d00000, 0x00000000c5d00000, 0x00000000c5e00000|  0%| F|  |TAMS 0x00000000c5d00000, 0x00000000c5d00000| Untracked 
|  18|0x00000000c5e00000, 0x00000000c5e00000, 0x00000000c5f00000|  0%| F|  |TAMS 0x00000000c5e00000, 0x00000000c5e00000| Untracked 
|  19|0x00000000c5f00000, 0x00000000c5f00000, 0x00000000c6000000|  0%| F|  |TAMS 0x00000000c5f00000, 0x00000000c5f00000| Untracked 
|  20|0x00000000c6000000, 0x00000000c6000000, 0x00000000c6100000|  0%| F|  |TAMS 0x00000000c6000000, 0x00000000c6000000| Untracked 
|  21|0x00000000c6100000, 0x00000000c6100000, 0x00000000c6200000|  0%| F|  |TAMS 0x00000000c6100000, 0x00000000c6100000| Untracked 
|  22|0x00000000c6200000, 0x00000000c6200000, 0x00000000c6300000|  0%| F|  |TAMS 0x00000000c6200000, 0x00000000c6200000| Untracked 
|  23|0x00000000c6300000, 0x00000000c6300000, 0x00000000c6400000|  0%| F|  |TAMS 0x00000000c6300000, 0x00000000c6300000| Untracked 
|  24|0x00000000c6400000, 0x00000000c6400000, 0x00000000c6500000|  0%| F|  |TAMS 0x00000000c6400000, 0x00000000c6400000| Untracked 
|  25|0x00000000c6500000, 0x00000000c6500000, 0x00000000c6600000|  0%| F|  |TAMS 0x00000000c6500000, 0x00000000c6500000| Untracked 
|  26|0x00000000c6600000, 0x00000000c6600000, 0x00000000c6700000|  0%| F|  |TAMS 0x00000000c6600000, 0x00000000c6600000| Untracked 
|  27|0x00000000c6700000, 0x00000000c6700000, 0x00000000c6800000|  0%| F|  |TAMS 0x00000000c6700000, 0x00000000c6700000| Untracked 
|  28|0x00000000c6800000, 0x00000000c6800000, 0x00000000c6900000|  0%| F|  |TAMS 0x00000000c6800000, 0x00000000c6800000| Untracked 
|  29|0x00000000c6900000, 0x00000000c6900000, 0x00000000c6a00000|  0%| F|  |TAMS 0x00000000c6900000, 0x00000000c6900000| Untracked 
|  30|0x00000000c6a00000, 0x00000000c6a00000, 0x00000000c6b00000|  0%| F|  |TAMS 0x00000000c6a00000, 0x00000000c6a00000| Untracked 
|  31|0x00000000c6b00000, 0x00000000c6b00000, 0x00000000c6c00000|  0%| F|  |TAMS 0x00000000c6b00000, 0x00000000c6b00000| Untracked 
|  32|0x00000000c6c00000, 0x00000000c6c00000, 0x00000000c6d00000|  0%| F|  |TAMS 0x00000000c6c00000, 0x00000000c6c00000| Untracked 
|  33|0x00000000c6d00000, 0x00000000c6d00000, 0x00000000c6e00000|  0%| F|  |TAMS 0x00000000c6d00000, 0x00000000c6d00000| Untracked 
|  34|0x00000000c6e00000, 0x00000000c6e00000, 0x00000000c6f00000|  0%| F|  |TAMS 0x00000000c6e00000, 0x00000000c6e00000| Untracked 
|  35|0x00000000c6f00000, 0x00000000c6f00000, 0x00000000c7000000|  0%| F|  |TAMS 0x00000000c6f00000, 0x00000000c6f00000| Untracked 
|  36|0x00000000c7000000, 0x00000000c7000000, 0x00000000c7100000|  0%| F|  |TAMS 0x00000000c7000000, 0x00000000c7000000| Untracked 
|  37|0x00000000c7100000, 0x00000000c7100000, 0x00000000c7200000|  0%| F|  |TAMS 0x00000000c7100000, 0x00000000c7100000| Untracked 
|  38|0x00000000c7200000, 0x00000000c7200000, 0x00000000c7300000|  0%| F|  |TAMS 0x00000000c7200000, 0x00000000c7200000| Untracked 
|  39|0x00000000c7300000, 0x00000000c7300000, 0x00000000c7400000|  0%| F|  |TAMS 0x00000000c7300000, 0x00000000c7300000| Untracked 
|  40|0x00000000c7400000, 0x00000000c7400000, 0x00000000c7500000|  0%| F|  |TAMS 0x00000000c7400000, 0x00000000c7400000| Untracked 
|  41|0x00000000c7500000, 0x00000000c7500000, 0x00000000c7600000|  0%| F|  |TAMS 0x00000000c7500000, 0x00000000c7500000| Untracked 
|  42|0x00000000c7600000, 0x00000000c7600000, 0x00000000c7700000|  0%| F|  |TAMS 0x00000000c7600000, 0x00000000c7600000| Untracked 
|  43|0x00000000c7700000, 0x00000000c7700000, 0x00000000c7800000|  0%| F|  |TAMS 0x00000000c7700000, 0x00000000c7700000| Untracked 
|  44|0x00000000c7800000, 0x00000000c7800000, 0x00000000c7900000|  0%| F|  |TAMS 0x00000000c7800000, 0x00000000c7800000| Untracked 
|  45|0x00000000c7900000, 0x00000000c7900000, 0x00000000c7a00000|  0%| F|  |TAMS 0x00000000c7900000, 0x00000000c7900000| Untracked 
|  46|0x00000000c7a00000, 0x00000000c7a00000, 0x00000000c7b00000|  0%| F|  |TAMS 0x00000000c7a00000, 0x00000000c7a00000| Untracked 
|  47|0x00000000c7b00000, 0x00000000c7b45e88, 0x00000000c7c00000| 27%| S|CS|TAMS 0x00000000c7b00000, 0x00000000c7b00000| Complete 
|  48|0x00000000c7c00000, 0x00000000c7d00000, 0x00000000c7d00000|100%| S|CS|TAMS 0x00000000c7c00000, 0x00000000c7c00000| Complete 
|  49|0x00000000c7d00000, 0x00000000c7e00000, 0x00000000c7e00000|100%| S|CS|TAMS 0x00000000c7d00000, 0x00000000c7d00000| Complete 
|  50|0x00000000c7e00000, 0x00000000c7e00000, 0x00000000c7f00000|  0%| F|  |TAMS 0x00000000c7e00000, 0x00000000c7e00000| Untracked 
|  51|0x00000000c7f00000, 0x00000000c7f00000, 0x00000000c8000000|  0%| F|  |TAMS 0x00000000c7f00000, 0x00000000c7f00000| Untracked 
|  52|0x00000000c8000000, 0x00000000c8000000, 0x00000000c8100000|  0%| F|  |TAMS 0x00000000c8000000, 0x00000000c8000000| Untracked 
|  53|0x00000000c8100000, 0x00000000c8100000, 0x00000000c8200000|  0%| F|  |TAMS 0x00000000c8100000, 0x00000000c8100000| Untracked 
|  54|0x00000000c8200000, 0x00000000c8200000, 0x00000000c8300000|  0%| F|  |TAMS 0x00000000c8200000, 0x00000000c8200000| Untracked 
|  55|0x00000000c8300000, 0x00000000c8300000, 0x00000000c8400000|  0%| F|  |TAMS 0x00000000c8300000, 0x00000000c8300000| Untracked 
|  56|0x00000000c8400000, 0x00000000c8400000, 0x00000000c8500000|  0%| F|  |TAMS 0x00000000c8400000, 0x00000000c8400000| Untracked 
|  57|0x00000000c8500000, 0x00000000c8500000, 0x00000000c8600000|  0%| F|  |TAMS 0x00000000c8500000, 0x00000000c8500000| Untracked 
|  58|0x00000000c8600000, 0x00000000c8600000, 0x00000000c8700000|  0%| F|  |TAMS 0x00000000c8600000, 0x00000000c8600000| Untracked 
|  59|0x00000000c8700000, 0x00000000c8700000, 0x00000000c8800000|  0%| F|  |TAMS 0x00000000c8700000, 0x00000000c8700000| Untracked 

Card table byte_map: [0x000001f297240000,0x000001f297420000] _byte_map_base: 0x000001f296c1a000

Marking Bits (Prev, Next): (CMBitMap*) 0x000001f2f93255b0, (CMBitMap*) 0x000001f2f9325578
 Prev Bits: [0x000001f2984d0000, 0x000001f2993a0000)
 Next Bits: [0x000001f297600000, 0x000001f2984d0000)

Polling page: 0x000001f280000000

Metaspace:

Usage:
  Non-class:     22.92 MB capacity,    22.44 MB ( 98%) used,   399.30 KB (  2%) free+waste,    86.13 KB ( <1%) overhead. 
      Class:      3.45 MB capacity,     3.13 MB ( 91%) used,   275.16 KB (  8%) free+waste,    44.81 KB (  1%) overhead. 
       Both:     26.36 MB capacity,    25.58 MB ( 97%) used,   674.45 KB (  2%) free+waste,   130.94 KB ( <1%) overhead. 

Virtual space:
  Non-class space:       42.00 MB reserved,      22.92 MB ( 55%) committed 
      Class space:        1.00 GB reserved,       3.50 MB ( <1%) committed 
             Both:        1.04 GB reserved,      26.42 MB (  2%) committed 

Chunk freelists:
   Non-Class:  640 bytes
       Class:  2.88 KB
        Both:  3.50 KB

CodeHeap 'non-profiled nmethods': size=238336Kb used=4636Kb max_used=4636Kb free=233699Kb
 bounds [0x000001f287d30000, 0x000001f2881c0000, 0x000001f2965f0000]
CodeHeap 'non-nmethods': size=7424Kb used=1128Kb max_used=1128Kb free=6295Kb
 bounds [0x000001f2875f0000, 0x000001f287860000, 0x000001f287d30000]
 total_blobs=3418 nmethods=2989 adapters=355
 compilation: enabled
              stopped_count=0, restarted_count=0
 full_count=0

Compilation events (10 events):
Event: 3.132 Thread 0x000001f29be51000 2984       1       org.springframework.core.annotation.AbstractMergedAnnotation::synthesize (24 bytes)
Event: 3.132 Thread 0x000001f29be51000 nmethod 2984 0x000001f2881b5890 code [0x000001f2881b5a60, 0x000001f2881b5d08]
Event: 3.132 Thread 0x000001f29be51000 2985       1       org.springframework.beans.factory.support.DefaultListableBeanFactory$$Lambda$434/0x000000010031b840::test (10 bytes)
Event: 3.132 Thread 0x000001f29be51000 nmethod 2985 0x000001f2881b5e90 code [0x000001f2881b6040, 0x000001f2881b6168]
Event: 3.132 Thread 0x000001f29be51000 2987   !   1       sun.reflect.annotation.AnnotationParser::parseClassValue (64 bytes)
Event: 3.132 Thread 0x000001f29be51000 nmethod 2987 0x000001f2881b6210 code [0x000001f2881b6400, 0x000001f2881b6878]
Event: 3.132 Thread 0x000001f29be51000 2988   !   1       com.sun.proxy.$Proxy37::annotationType (29 bytes)
Event: 3.133 Thread 0x000001f29be51000 nmethod 2988 0x000001f2881b6b90 code [0x000001f2881b6d40, 0x000001f2881b6ef8]
Event: 3.134 Thread 0x000001f29be51000 2989       1       org.springframework.beans.factory.support.AbstractAutowireCapableBeanFactory$FactoryBeanMethodTypeFinder::getResult (39 bytes)
Event: 3.135 Thread 0x000001f29be51000 nmethod 2989 0x000001f2881b7010 code [0x000001f2881b71a0, 0x000001f2881b7298]

GC Heap History (10 events):
Event: 1.964 GC heap before
{Heap before GC invocations=2 (full 0):
 garbage-first heap   total 61440K, used 34862K [0x00000000c4c00000, 0x0000000100000000)
  region size 1024K, 28 young (28672K), 2 survivors (2048K)
 Metaspace       used 20368K, capacity 20991K, committed 21120K, reserved 1067008K
  class space    used 2363K, capacity 2603K, committed 2688K, reserved 1048576K
}
Event: 1.968 GC heap after
{Heap after GC invocations=3 (full 0):
 garbage-first heap   total 61440K, used 9055K [0x00000000c4c00000, 0x0000000100000000)
  region size 1024K, 3 young (3072K), 3 survivors (3072K)
 Metaspace       used 20368K, capacity 20991K, committed 21120K, reserved 1067008K
  class space    used 2363K, capacity 2603K, committed 2688K, reserved 1048576K
}
Event: 2.014 GC heap before
{Heap before GC invocations=3 (full 0):
 garbage-first heap   total 61440K, used 12127K [0x00000000c4c00000, 0x0000000100000000)
  region size 1024K, 7 young (7168K), 3 survivors (3072K)
 Metaspace       used 20590K, capacity 21124K, committed 21296K, reserved 1069056K
  class space    used 2390K, capacity 2606K, committed 2688K, reserved 1048576K
}
Event: 2.018 GC heap after
{Heap after GC invocations=4 (full 0):
 garbage-first heap   total 61440K, used 9368K [0x00000000c4c00000, 0x0000000100000000)
  region size 1024K, 2 young (2048K), 2 survivors (2048K)
 Metaspace       used 20590K, capacity 21124K, committed 21296K, reserved 1069056K
  class space    used 2390K, capacity 2606K, committed 2688K, reserved 1048576K
}
Event: 2.443 GC heap before
{Heap before GC invocations=5 (full 0):
 garbage-first heap   total 61440K, used 38040K [0x00000000c4c00000, 0x0000000100000000)
  region size 1024K, 30 young (30720K), 2 survivors (2048K)
 Metaspace       used 21985K, capacity 22680K, committed 22832K, reserved 1069056K
  class space    used 2602K, capacity 2892K, committed 2944K, reserved 1048576K
}
Event: 2.447 GC heap after
{Heap after GC invocations=6 (full 0):
 garbage-first heap   total 61440K, used 10753K [0x00000000c4c00000, 0x0000000100000000)
  region size 1024K, 3 young (3072K), 3 survivors (3072K)
 Metaspace       used 21985K, capacity 22680K, committed 22832K, reserved 1069056K
  class space    used 2602K, capacity 2892K, committed 2944K, reserved 1048576K
}
Event: 2.978 GC heap before
{Heap before GC invocations=6 (full 0):
 garbage-first heap   total 61440K, used 41473K [0x00000000c4c00000, 0x0000000100000000)
  region size 1024K, 33 young (33792K), 3 survivors (3072K)
 Metaspace       used 24965K, capacity 25703K, committed 25904K, reserved 1075200K
  class space    used 3048K, capacity 3343K, committed 3456K, reserved 1048576K
}
Event: 2.987 GC heap after
{Heap after GC invocations=7 (full 0):
 garbage-first heap   total 61440K, used 11939K [0x00000000c4c00000, 0x0000000100000000)
  region size 1024K, 3 young (3072K), 3 survivors (3072K)
 Metaspace       used 24965K, capacity 25703K, committed 25904K, reserved 1075200K
  class space    used 3048K, capacity 3343K, committed 3456K, reserved 1048576K
}
Event: 3.142 GC heap before
{Heap before GC invocations=7 (full 0):
 garbage-first heap   total 61440K, used 21155K [0x00000000c4c00000, 0x0000000100000000)
  region size 1024K, 13 young (13312K), 3 survivors (3072K)
 Metaspace       used 26190K, capacity 26996K, committed 27056K, reserved 1089536K
  class space    used 3209K, capacity 3529K, committed 3584K, reserved 1048576K
}
Event: 3.149 GC heap after
{Heap after GC invocations=8 (full 0):
 garbage-first heap   total 61440K, used 12535K [0x00000000c4c00000, 0x0000000100000000)
  region size 1024K, 3 young (3072K), 3 survivors (3072K)
 Metaspace       used 26190K, capacity 26996K, committed 27056K, reserved 1089536K
  class space    used 3209K, capacity 3529K, committed 3584K, reserved 1048576K
}

Deoptimization events (0 events):
No events

Classes redefined (0 events):
No events

Internal exceptions (10 events):
Event: 1.833 Thread 0x000001f29d200800 Exception <a 'java/lang/NoSuchMethodError'{0x00000000c75fa858}: java.lang.invoke.DirectMethodHandle$Holder.invokeVirtual(Ljava/lang/Object;Ljava/lang/Object;Ljava/lang/Object;Ljava/lang/Object;)Ljava/lang/Object;> (0x00000000c75fa858) thrown at [./open/sr
Event: 1.841 Thread 0x000001f2f92fb000 Exception <a 'java/lang/NoSuchMethodError'{0x00000000c747d220}: java.lang.invoke.DirectMethodHandle$Holder.invokeVirtual(Ljava/lang/Object;Ljava/lang/Object;Ljava/lang/Object;)Ljava/lang/Object;> (0x00000000c747d220) thrown at [./open/src/hotspot/share/in
Event: 2.081 Thread 0x000001f2f92fb000 Exception <a 'java/lang/IncompatibleClassChangeError'{0x00000000c806bd70}: Found class java.lang.Object, but interface was expected> (0x00000000c806bd70) thrown at [./open/src/hotspot/share/interpreter/linkResolver.cpp, line 838]
Event: 2.102 Thread 0x000001f2f92fb000 Exception <a 'java/lang/NoSuchMethodError'{0x00000000c7fdea58}: java.lang.invoke.DirectMethodHandle$Holder.invokeInterface(Ljava/lang/Object;Ljava/lang/Object;Ljava/lang/Object;Ljava/lang/Object;)V> (0x00000000c7fdea58) thrown at [./open/src/hotspot/share
Event: 3.101 Thread 0x000001f2f92fb000 Exception <a 'java/lang/NoClassDefFoundError'{0x00000000c8187390}: org/flywaydb/core/Flyway> (0x00000000c8187390) thrown at [./open/src/hotspot/share/classfile/systemDictionary.cpp, line 215]
Event: 3.101 Thread 0x000001f2f92fb000 Exception <a 'java/lang/NoClassDefFoundError'{0x00000000c818f958}: liquibase/integration/spring/SpringLiquibase> (0x00000000c818f958) thrown at [./open/src/hotspot/share/classfile/systemDictionary.cpp, line 215]
Event: 3.111 Thread 0x000001f2f92fb000 Exception <a 'java/lang/NoClassDefFoundError'{0x00000000c800ca98}: org/springframework/batch/core/repository/JobRepository> (0x00000000c800ca98) thrown at [./open/src/hotspot/share/classfile/systemDictionary.cpp, line 215]
Event: 3.111 Thread 0x000001f2f92fb000 Exception <a 'java/lang/NoClassDefFoundError'{0x00000000c8013890}: org/quartz/Scheduler> (0x00000000c8013890) thrown at [./open/src/hotspot/share/classfile/systemDictionary.cpp, line 215]
Event: 3.111 Thread 0x000001f2f92fb000 Exception <a 'java/lang/NoClassDefFoundError'{0x00000000c801d110}: org/springframework/session/jdbc/JdbcIndexedSessionRepository> (0x00000000c801d110) thrown at [./open/src/hotspot/share/classfile/systemDictionary.cpp, line 215]
Event: 3.134 Thread 0x000001f2f92fb000 Exception <a 'java/lang/NoClassDefFoundError'{0x00000000c7e2ec78}: org/jooq/DSLContext> (0x00000000c7e2ec78) thrown at [./open/src/hotspot/share/classfile/systemDictionary.cpp, line 215]

Events (10 events):
Event: 3.140 loading class sun/security/jca/Providers
Event: 3.140 loading class sun/security/jca/Providers done
Event: 3.140 loading class java/lang/InheritableThreadLocal
Event: 3.140 loading class java/lang/InheritableThreadLocal done
Event: 3.140 Executing VM operation: Deoptimize
Event: 3.141 Executing VM operation: Deoptimize done
Event: 3.141 loading class sun/security/jca/ProviderList
Event: 3.141 loading class sun/security/jca/ProviderList done
Event: 3.141 loading class sun/security/jca/ProviderConfig
Event: 3.142 Executing VM operation: CollectForMetadataAllocation


Dynamic libraries:
0x00007ff72ab30000 - 0x00007ff72ab3f000 	C:\Program Files\Java\jdk-11.0.15.1\bin\java.exe
0x00007ff9f9ed0000 - 0x00007ff9fa0c8000 	C:\WINDOWS\SYSTEM32\ntdll.dll
0x00007ff9b6ba0000 - 0x00007ff9b6bb7000 	C:\Program Files\AVAST Software\Avast\aswhook.dll
0x00007ff9f8010000 - 0x00007ff9f80cd000 	C:\WINDOWS\System32\KERNEL32.DLL
0x00007ff9f7850000 - 0x00007ff9f7b22000 	C:\WINDOWS\System32\KERNELBASE.dll
0x00007ff9f7b30000 - 0x00007ff9f7c30000 	C:\WINDOWS\System32\ucrtbase.dll
0x00007ff9df010000 - 0x00007ff9df028000 	C:\Program Files\Java\jdk-11.0.15.1\bin\jli.dll
0x00007ff9f9c00000 - 0x00007ff9f9cae000 	C:\WINDOWS\System32\ADVAPI32.dll
0x00007ff9f2be0000 - 0x00007ff9f2bf5000 	C:\Program Files\Java\jdk-11.0.15.1\bin\VCRUNTIME140.dll
0x00007ff9f86d0000 - 0x00007ff9f876e000 	C:\WINDOWS\System32\msvcrt.dll
0x00007ff9f9b60000 - 0x00007ff9f9bfc000 	C:\WINDOWS\System32\sechost.dll
0x00007ff9f81a0000 - 0x00007ff9f82c5000 	C:\WINDOWS\System32\RPCRT4.dll
0x00007ff9f84a0000 - 0x00007ff9f863d000 	C:\WINDOWS\System32\USER32.dll
0x00007ff9f77b0000 - 0x00007ff9f77d2000 	C:\WINDOWS\System32\win32u.dll
0x00007ff9f8fa0000 - 0x00007ff9f8fcb000 	C:\WINDOWS\System32\GDI32.dll
0x00007ff9f76a0000 - 0x00007ff9f77af000 	C:\WINDOWS\System32\gdi32full.dll
0x00007ff9f7d90000 - 0x00007ff9f7e2d000 	C:\WINDOWS\System32\msvcp_win.dll
0x00007ff9de7f0000 - 0x00007ff9dea8a000 	C:\WINDOWS\WinSxS\amd64_microsoft.windows.common-controls_6595b64144ccf1df_6.0.19041.1110_none_60b5254171f9507e\COMCTL32.dll
0x00007ff9eff10000 - 0x00007ff9eff1a000 	C:\WINDOWS\SYSTEM32\VERSION.dll
0x00007ff9f8d30000 - 0x00007ff9f8d60000 	C:\WINDOWS\System32\IMM32.DLL
0x00007ff9d65f0000 - 0x00007ff9d668b000 	C:\Program Files\Java\jdk-11.0.15.1\bin\msvcp140.dll
0x00007ff9ad370000 - 0x00007ff9ade86000 	C:\Program Files\Java\jdk-11.0.15.1\bin\server\jvm.dll
0x00007ff9f8dc0000 - 0x00007ff9f8dc8000 	C:\WINDOWS\System32\PSAPI.DLL
0x00007ff9dad80000 - 0x00007ff9dad89000 	C:\WINDOWS\SYSTEM32\WSOCK32.dll
0x00007ff9d0780000 - 0x00007ff9d07a7000 	C:\WINDOWS\SYSTEM32\WINMM.dll
0x00007ff9f80d0000 - 0x00007ff9f813b000 	C:\WINDOWS\System32\WS2_32.dll
0x00007ff9f5e80000 - 0x00007ff9f5e92000 	C:\WINDOWS\SYSTEM32\kernel.appcore.dll
0x00007ff9f2bd0000 - 0x00007ff9f2be0000 	C:\Program Files\Java\jdk-11.0.15.1\bin\verify.dll
0x00007ff9f5c10000 - 0x00007ff9f5df4000 	C:\WINDOWS\SYSTEM32\DBGHELP.DLL
0x00007ff9df6c0000 - 0x00007ff9df6ec000 	C:\WINDOWS\SYSTEM32\dbgcore.DLL
0x00007ff9f75e0000 - 0x00007ff9f7662000 	C:\WINDOWS\System32\bcryptPrimitives.dll
0x00007ff9dd3f0000 - 0x00007ff9dd418000 	C:\Program Files\Java\jdk-11.0.15.1\bin\java.dll
0x00007ff9df000000 - 0x00007ff9df00a000 	C:\Program Files\Java\jdk-11.0.15.1\bin\jimage.dll
0x00007ff9dd130000 - 0x00007ff9dd146000 	C:\Program Files\Java\jdk-11.0.15.1\bin\zip.dll
0x00007ff9f9410000 - 0x00007ff9f9b53000 	C:\WINDOWS\System32\SHELL32.dll
0x00007ff9f5470000 - 0x00007ff9f5c01000 	C:\WINDOWS\SYSTEM32\windows.storage.dll
0x00007ff9f9050000 - 0x00007ff9f93a4000 	C:\WINDOWS\System32\combase.dll
0x00007ff9f6f60000 - 0x00007ff9f6f90000 	C:\WINDOWS\SYSTEM32\Wldp.dll
0x00007ff9f8dd0000 - 0x00007ff9f8e7d000 	C:\WINDOWS\System32\SHCORE.dll
0x00007ff9f9cb0000 - 0x00007ff9f9d05000 	C:\WINDOWS\System32\shlwapi.dll
0x00007ff9f7520000 - 0x00007ff9f753f000 	C:\WINDOWS\SYSTEM32\profapi.dll
0x00007ff9d65d0000 - 0x00007ff9d65e9000 	C:\Program Files\Java\jdk-11.0.15.1\bin\net.dll
0x00007ff9e1130000 - 0x00007ff9e123d000 	C:\WINDOWS\SYSTEM32\WINHTTP.dll
0x00007ff9f6cc0000 - 0x00007ff9f6d2a000 	C:\WINDOWS\system32\mswsock.dll
0x00007ff9d65b0000 - 0x00007ff9d65c2000 	C:\Program Files\Java\jdk-11.0.15.1\bin\nio.dll
0x00007ff9deae0000 - 0x00007ff9deae9000 	C:\Program Files\Java\jdk-11.0.15.1\bin\management.dll
0x00007ff9dead0000 - 0x00007ff9deadb000 	C:\Program Files\Java\jdk-11.0.15.1\bin\management_ext.dll
0x00007ff9ccdf0000 - 0x00007ff9cce07000 	C:\WINDOWS\system32\napinsp.dll
0x00007ff9ccdd0000 - 0x00007ff9ccdeb000 	C:\WINDOWS\system32\pnrpnsp.dll
0x00007ff9f2130000 - 0x00007ff9f2145000 	C:\WINDOWS\system32\wshbth.dll
0x00007ff9f2a70000 - 0x00007ff9f2a8d000 	C:\WINDOWS\system32\NLAapi.dll
0x00007ff9f69b0000 - 0x00007ff9f69eb000 	C:\WINDOWS\SYSTEM32\IPHLPAPI.DLL
0x00007ff9f69f0000 - 0x00007ff9f6aba000 	C:\WINDOWS\SYSTEM32\DNSAPI.dll
0x00007ff9f8770000 - 0x00007ff9f8778000 	C:\WINDOWS\System32\NSI.dll
0x00007ff9cc990000 - 0x00007ff9cc9a2000 	C:\WINDOWS\System32\winrnr.dll
0x00007ff9e0a90000 - 0x00007ff9e0a9a000 	C:\Windows\System32\rasadhlp.dll
0x00007ff9e0990000 - 0x00007ff9e0a10000 	C:\WINDOWS\System32\fwpuclnt.dll
0x00007ff9f7670000 - 0x00007ff9f7697000 	C:\WINDOWS\System32\bcrypt.dll

dbghelp: loaded successfully - version: 4.0.5 - missing functions: none
symbol engine: initialized successfully - sym options: 0x614 - pdb path: .;C:\Program Files\Java\jdk-11.0.15.1\bin;C:\WINDOWS\SYSTEM32;C:\Program Files\AVAST Software\Avast;C:\WINDOWS\WinSxS\amd64_microsoft.windows.common-controls_6595b64144ccf1df_6.0.19041.1110_none_60b5254171f9507e;C:\Program Files\Java\jdk-11.0.15.1\bin\server

VM Arguments:
jvm_args: -Xverify:none -XX:TieredStopAtLevel=1 -Dfile.encoding=windows-1252 -Duser.country=AR -Duser.language=es -Duser.variant 
java_command: com.mindhub.homebanking.HomebankingApplication
java_class_path (initial): C:\Users\cmfab\Desktop\homebanking TASK5-CamilaFabiani\src\main\resources;C:\Users\cmfab\Desktop\homebanking TASK5-CamilaFabiani\build\classes\java\main;C:\Users\cmfab\.gradle\caches\modules-2\files-2.1\com.h2database\h2\2.1.214\d5c2005c9e3279201e12d4776c948578b16bf8b2\h2-2.1.214.jar;C:\Users\cmfab\.gradle\caches\modules-2\files-2.1\jakarta.transaction\jakarta.transaction-api\1.3.3\c4179d48720a1e87202115fbed6089bdc4195405\jakarta.transaction-api-1.3.3.jar;C:\Users\cmfab\.gradle\caches\modules-2\files-2.1\jakarta.persistence\jakarta.persistence-api\2.2.3\8f6ea5daedc614f07a3654a455660145286f024e\jakarta.persistence-api-2.2.3.jar;C:\Users\cmfab\.gradle\caches\modules-2\files-2.1\org.hibernate\hibernate-core\5.6.11.Final\bc2aa514b13cfeee4ce8ed1f770c321ab63c2b82\hibernate-core-5.6.11.Final.jar;C:\Users\cmfab\.gradle\caches\modules-2\files-2.1\org.springframework.data\spring-data-jpa\2.7.3\e6f61621f80030ba56195cf6664aa8c1d902e082\spring-data-jpa-2.7.3.jar;C:\Users\cmfab\.gradle\caches\modules-2\files-2.1\org.springframework\spring-aspects\5.3.23\35a0f5df4241f794fd79dd2447195ac055e88b8e\spring-aspects-5.3.23.jar;C:\Users\cmfab\.gradle\caches\modules-2\files-2.1\org.springframework.data\spring-data-rest-webmvc\3.7.3\78efe97e9b602edaa7ac58f883d3b041c58bd265\spring-data-rest-webmvc-3.7.3.jar;C:\Users\cmfab\.gradle\caches\modules-2\files-2.1\org.springframework\spring-webmvc\5.3.23\b163527c275b0374371890c0b76c2a2a09f9804b\spring-webmvc-5.3.23.jar;C:\Users\cmfab\.gradle\caches\modules-2\files-2.1\org.springframework.security\spring-security-web\5.7.3\293cba5503450553600e3204a98241160ec95c1d\spring-security-web-5.7.3.jar;C:\Users\cmfab\.gradle\caches\modules-2\files-2.1\org.springframework.data\spring-data-rest-core\3.7.3\98cebcd6195a3a6e2220d303db3b0dedd4b49e11\spring-data-rest-core-3.7.3.jar;C:\Users\cmfab\.gradle\caches\modules-2\files-2.1\org.springframework.hateoas\spring-hateoas\1.5.2\7267165e433ab9369a763f6072ebe784add053fb\spring-hateoas-1.5.
Launcher Type: SUN_STANDARD

[Global flags]
     bool BytecodeVerificationLocal                = false                                     {product} {command line}
     bool BytecodeVerificationRemote               = false                                     {product} {command line}
     intx CICompilerCount                          = 4                                         {product} {ergonomic}
     uint ConcGCThreads                            = 2                                         {product} {ergonomic}
     uint G1ConcRefinementThreads                  = 8                                         {product} {ergonomic}
   size_t G1HeapRegionSize                         = 1048576                                   {product} {ergonomic}
    uintx GCDrainStackTargetSize                   = 64                                        {product} {ergonomic}
   size_t InitialHeapSize                          = 62914560                                  {product} {ergonomic}
   size_t MarkStackSize                            = 4194304                                   {product} {ergonomic}
   size_t MaxHeapSize                              = 994050048                                 {product} {ergonomic}
   size_t MaxNewSize                               = 595591168                                 {product} {ergonomic}
   size_t MinHeapDeltaBytes                        = 1048576                                   {product} {ergonomic}
    uintx NonNMethodCodeHeapSize                   = 7549744                                {pd product} {ergonomic}
    uintx NonProfiledCodeHeapSize                  = 244108496                              {pd product} {ergonomic}
    uintx ProfiledCodeHeapSize                     = 0                                      {pd product} {ergonomic}
    uintx ReservedCodeCacheSize                    = 251658240                              {pd product} {ergonomic}
     bool SegmentedCodeCache                       = true                                      {product} {ergonomic}
     intx TieredStopAtLevel                        = 1                                         {product} {command line}
     bool UseCompressedClassPointers               = true                                 {lp64_product} {ergonomic}
     bool UseCompressedOops                        = true                                 {lp64_product} {ergonomic}
     bool UseG1GC                                  = true                                      {product} {ergonomic}
     bool UseLargePagesIndividualAllocation        = false                                  {pd product} {ergonomic}

Logging:
Log output configuration:
 #0: stdout all=warning uptime,level,tags
 #1: stderr all=off uptime,level,tags

Environment Variables:
JAVA_HOME=C:\Program Files\Java\jdk-11.0.15.1
PATH=C:\Program Files\Common Files\Oracle\Java\javapath;C:\WINDOWS\system32;C:\WINDOWS;C:\WINDOWS\System32\Wbem;C:\WINDOWS\System32\WindowsPowerShell\v1.0\;C:\WINDOWS\System32\OpenSSH\;C:\Program Files (x86)\Brackets\command;C:\Users\cmfab\AppData\Local\Microsoft\WindowsApps;C:\Users\cmfab\AppData\Local\Programs\Microsoft VS Code\bin;C:\Program Files\Java\jdk-11.0.15.1\bin;C:\gradle-6.8\bin;
USERNAME=cmfab
OS=Windows_NT
PROCESSOR_IDENTIFIER=Intel64 Family 6 Model 126 Stepping 5, GenuineIntel



---------------  S Y S T E M  ---------------

OS: Windows 10 , 64 bit Build 19041 (10.0.19041.1889)

CPU:total 8 (initial active 8) (4 cores per cpu, 2 threads per core) family 6 model 126 stepping 5 microcode 0xa6, cmov, cx8, fxsr, mmx, sse, sse2, sse3, ssse3, sse4.1, sse4.2, popcnt, avx, avx2, aes, clmul, erms, 3dnowpref, lzcnt, ht, tsc, tscinvbit, bmi1, bmi2, adx, evex, sha, fma

Memory: 4k page, system-wide physical 3784M (68M free)
TotalPageFile size 15560M (AvailPageFile size 0M)
current process WorkingSet (physical memory assigned to process): 114M, peak: 114M
current process commit charge ("private bytes"): 170M, peak: 171M

vm_info: Java HotSpot(TM) 64-Bit Server VM (11.0.15.1+2-LTS-10) for windows-amd64 JRE (11.0.15.1+2-LTS-10), built on Apr 25 2022 21:51:57 by "mach5one" with MS VC++ 15.9 (VS2017)

END.
